<?xml version="1.0" encoding="UTF-8"?>
<testsuite xmlns:xsi="http://www.w3.org/2001/XMLSchema-instance" xsi:noNamespaceSchemaLocation="https://maven.apache.org/surefire/maven-surefire-plugin/xsd/surefire-test-report-3.0.xsd" version="3.0" name="com.practice.project06.AccountApiControllerTest" time="20.636" tests="8" errors="4" skipped="0" failures="0">
  <properties>
[...]
</properties>
  <testcase name="testGetAllAccounts" classname="com.practice.project06.AccountApiControllerTest" time="1.665">
    <system-out><![CDATA[09:46:54.849 [main] INFO org.springframework.test.context.support.AnnotationConfigContextLoaderUtils -- Could not detect default configuration classes for test class [com.practice.project06.AccountApiControllerTest]: AccountApiControllerTest does not declare any static, non-private, non-final, nested classes annotated with @Configuration.
09:46:55.090 [main] INFO org.springframework.boot.test.context.SpringBootTestContextBootstrapper -- Found @SpringBootConfiguration com.practice.project06.Project05Application for test class com.practice.project06.AccountApiControllerTest

  .   ____          _            __ _ _
 /\\ / ___'_ __ _ _(_)_ __  __ _ \ \ \ \
( ( )\___ | '_ | '_| | '_ \/ _` | \ \ \ \
 \\/  ___)| |_)| | | | | || (_| |  ) ) ) )
  '  |____| .__|_| |_|_| |_\__, | / / / /
 =========|_|==============|___/=/_/_/_/

 :: Spring Boot ::                (v3.3.1)

2024-07-29T09:46:56.846+05:00  INFO 12776 --- [project02] [           main] [                                                 ] c.p.project06.AccountApiControllerTest   : Starting AccountApiControllerTest using Java 22.0.1 with PID 12776 (started by ahmad.irtza in C:\Users\ahmad.irtza\Downloads\Bank-be)
2024-07-29T09:46:56.846+05:00  INFO 12776 --- [project02] [           main] [                                                 ] c.p.project06.AccountApiControllerTest   : Starting AccountApiControllerTest using Java 22.0.1 with PID 12776 (started by ahmad.irtza in C:\Users\ahmad.irtza\Downloads\Bank-be)
2024-07-29T09:46:56.850+05:00  INFO 12776 --- [project02] [           main] [                                                 ] c.p.project06.AccountApiControllerTest   : No active profile set, falling back to 1 default profile: "default"
2024-07-29T09:46:56.850+05:00  INFO 12776 --- [project02] [           main] [                                                 ] c.p.project06.AccountApiControllerTest   : No active profile set, falling back to 1 default profile: "default"
2024-07-29T09:46:58.844+05:00  INFO 12776 --- [project02] [           main] [                                                 ] .s.d.r.c.RepositoryConfigurationDelegate : Bootstrapping Spring Data JPA repositories in DEFAULT mode.
2024-07-29T09:46:58.844+05:00  INFO 12776 --- [project02] [           main] [                                                 ] .s.d.r.c.RepositoryConfigurationDelegate : Bootstrapping Spring Data JPA repositories in DEFAULT mode.
2024-07-29T09:46:58.945+05:00  INFO 12776 --- [project02] [           main] [                                                 ] .s.d.r.c.RepositoryConfigurationDelegate : Finished Spring Data repository scanning in 87 ms. Found 4 JPA repository interfaces.
2024-07-29T09:46:58.945+05:00  INFO 12776 --- [project02] [           main] [                                                 ] .s.d.r.c.RepositoryConfigurationDelegate : Finished Spring Data repository scanning in 87 ms. Found 4 JPA repository interfaces.
2024-07-29T09:47:00.209+05:00  INFO 12776 --- [project02] [           main] [                                                 ] com.zaxxer.hikari.HikariDataSource       : HikariPool-1 - Starting...
2024-07-29T09:47:00.209+05:00  INFO 12776 --- [project02] [           main] [                                                 ] com.zaxxer.hikari.HikariDataSource       : HikariPool-1 - Starting...
2024-07-29T09:47:00.708+05:00  INFO 12776 --- [project02] [           main] [                                                 ] com.zaxxer.hikari.pool.HikariPool        : HikariPool-1 - Added connection conn0: url=jdbc:h2:mem:bank user=TEST
2024-07-29T09:47:00.708+05:00  INFO 12776 --- [project02] [           main] [                                                 ] com.zaxxer.hikari.pool.HikariPool        : HikariPool-1 - Added connection conn0: url=jdbc:h2:mem:bank user=TEST
2024-07-29T09:47:00.711+05:00  INFO 12776 --- [project02] [           main] [                                                 ] com.zaxxer.hikari.HikariDataSource       : HikariPool-1 - Start completed.
2024-07-29T09:47:00.711+05:00  INFO 12776 --- [project02] [           main] [                                                 ] com.zaxxer.hikari.HikariDataSource       : HikariPool-1 - Start completed.
2024-07-29T09:47:00.869+05:00  INFO 12776 --- [project02] [           main] [                                                 ] liquibase.database                       : Set default schema name to PUBLIC
2024-07-29T09:47:00.869+05:00  INFO 12776 --- [project02] [           main] [                                                 ] liquibase.database                       : Set default schema name to PUBLIC
2024-07-29T09:47:01.421+05:00  INFO 12776 --- [project02] [           main] [                                                 ] liquibase.changelog                      : Creating database history table with name: PUBLIC.DATABASECHANGELOG
2024-07-29T09:47:01.421+05:00  INFO 12776 --- [project02] [           main] [                                                 ] liquibase.changelog                      : Creating database history table with name: PUBLIC.DATABASECHANGELOG
2024-07-29T09:47:01.577+05:00  INFO 12776 --- [project02] [           main] [                                                 ] liquibase.changelog                      : Reading from PUBLIC.DATABASECHANGELOG
2024-07-29T09:47:01.577+05:00  INFO 12776 --- [project02] [           main] [                                                 ] liquibase.changelog                      : Reading from PUBLIC.DATABASECHANGELOG
2024-07-29T09:47:01.695+05:00  INFO 12776 --- [project02] [           main] [                                                 ] liquibase.lockservice                    : Successfully acquired change log lock
2024-07-29T09:47:01.695+05:00  INFO 12776 --- [project02] [           main] [                                                 ] liquibase.lockservice                    : Successfully acquired change log lock
2024-07-29T09:47:01.696+05:00  INFO 12776 --- [project02] [           main] [                                                 ] liquibase.command                        : Using deploymentId: 2228421696
2024-07-29T09:47:01.696+05:00  INFO 12776 --- [project02] [           main] [                                                 ] liquibase.command                        : Using deploymentId: 2228421696
2024-07-29T09:47:01.700+05:00  INFO 12776 --- [project02] [           main] [                                                 ] liquibase.changelog                      : Reading from PUBLIC.DATABASECHANGELOG
2024-07-29T09:47:01.700+05:00  INFO 12776 --- [project02] [           main] [                                                 ] liquibase.changelog                      : Reading from PUBLIC.DATABASECHANGELOG
2024-07-29T09:47:01.760+05:00  INFO 12776 --- [project02] [           main] [                                                 ] liquibase.ui                             : Running Changeset: db/changelog/db.changelog-user.yaml::1::Ahmad
2024-07-29T09:47:01.760+05:00  INFO 12776 --- [project02] [           main] [                                                 ] liquibase.ui                             : Running Changeset: db/changelog/db.changelog-user.yaml::1::Ahmad
2024-07-29T09:47:01.777+05:00  INFO 12776 --- [project02] [           main] [                                                 ] liquibase.changelog                      : Table users created
2024-07-29T09:47:01.777+05:00  INFO 12776 --- [project02] [           main] [                                                 ] liquibase.changelog                      : Table users created
2024-07-29T09:47:01.778+05:00  INFO 12776 --- [project02] [           main] [                                                 ] liquibase.changelog                      : ChangeSet db/changelog/db.changelog-user.yaml::1::Ahmad ran successfully in 16ms
2024-07-29T09:47:01.778+05:00  INFO 12776 --- [project02] [           main] [                                                 ] liquibase.changelog                      : ChangeSet db/changelog/db.changelog-user.yaml::1::Ahmad ran successfully in 16ms
2024-07-29T09:47:01.786+05:00  INFO 12776 --- [project02] [           main] [                                                 ] liquibase.ui                             : Running Changeset: db/changelog/db.changelog-user.yaml::2::Ahmad
2024-07-29T09:47:01.786+05:00  INFO 12776 --- [project02] [           main] [                                                 ] liquibase.ui                             : Running Changeset: db/changelog/db.changelog-user.yaml::2::Ahmad
2024-07-29T09:47:01.789+05:00  INFO 12776 --- [project02] [           main] [                                                 ] liquibase.changelog                      : New row inserted into users
2024-07-29T09:47:01.789+05:00  INFO 12776 --- [project02] [           main] [                                                 ] liquibase.changelog                      : New row inserted into users
2024-07-29T09:47:01.790+05:00  INFO 12776 --- [project02] [           main] [                                                 ] liquibase.changelog                      : ChangeSet db/changelog/db.changelog-user.yaml::2::Ahmad ran successfully in 3ms
2024-07-29T09:47:01.790+05:00  INFO 12776 --- [project02] [           main] [                                                 ] liquibase.changelog                      : ChangeSet db/changelog/db.changelog-user.yaml::2::Ahmad ran successfully in 3ms
2024-07-29T09:47:01.794+05:00  INFO 12776 --- [project02] [           main] [                                                 ] liquibase.ui                             : Running Changeset: db/changelog/db.changelog-user.yaml::3::Ahmad
2024-07-29T09:47:01.794+05:00  INFO 12776 --- [project02] [           main] [                                                 ] liquibase.ui                             : Running Changeset: db/changelog/db.changelog-user.yaml::3::Ahmad
2024-07-29T09:47:01.797+05:00  INFO 12776 --- [project02] [           main] [                                                 ] liquibase.changelog                      : New row inserted into users
2024-07-29T09:47:01.797+05:00  INFO 12776 --- [project02] [           main] [                                                 ] liquibase.changelog                      : New row inserted into users
2024-07-29T09:47:01.798+05:00  INFO 12776 --- [project02] [           main] [                                                 ] liquibase.changelog                      : ChangeSet db/changelog/db.changelog-user.yaml::3::Ahmad ran successfully in 3ms
2024-07-29T09:47:01.798+05:00  INFO 12776 --- [project02] [           main] [                                                 ] liquibase.changelog                      : ChangeSet db/changelog/db.changelog-user.yaml::3::Ahmad ran successfully in 3ms
2024-07-29T09:47:01.802+05:00  INFO 12776 --- [project02] [           main] [                                                 ] liquibase.ui                             : Running Changeset: db/changelog/db.changelog-account.yaml::7::Ahmad
2024-07-29T09:47:01.802+05:00  INFO 12776 --- [project02] [           main] [                                                 ] liquibase.ui                             : Running Changeset: db/changelog/db.changelog-account.yaml::7::Ahmad
2024-07-29T09:47:01.806+05:00  INFO 12776 --- [project02] [           main] [                                                 ] liquibase.changelog                      : Table accounts created
2024-07-29T09:47:01.806+05:00  INFO 12776 --- [project02] [           main] [                                                 ] liquibase.changelog                      : Table accounts created
2024-07-29T09:47:01.814+05:00  INFO 12776 --- [project02] [           main] [                                                 ] liquibase.changelog                      : Foreign key constraint added to accounts (userID)
2024-07-29T09:47:01.814+05:00  INFO 12776 --- [project02] [           main] [                                                 ] liquibase.changelog                      : Foreign key constraint added to accounts (userID)
2024-07-29T09:47:01.815+05:00  INFO 12776 --- [project02] [           main] [                                                 ] liquibase.changelog                      : ChangeSet db/changelog/db.changelog-account.yaml::7::Ahmad ran successfully in 13ms
2024-07-29T09:47:01.815+05:00  INFO 12776 --- [project02] [           main] [                                                 ] liquibase.changelog                      : ChangeSet db/changelog/db.changelog-account.yaml::7::Ahmad ran successfully in 13ms
2024-07-29T09:47:01.819+05:00  INFO 12776 --- [project02] [           main] [                                                 ] liquibase.ui                             : Running Changeset: db/changelog/db.changelog-account.yaml::10::Ahmad
2024-07-29T09:47:01.819+05:00  INFO 12776 --- [project02] [           main] [                                                 ] liquibase.ui                             : Running Changeset: db/changelog/db.changelog-account.yaml::10::Ahmad
2024-07-29T09:47:01.821+05:00  INFO 12776 --- [project02] [           main] [                                                 ] liquibase.changelog                      : New row inserted into accounts
2024-07-29T09:47:01.821+05:00  INFO 12776 --- [project02] [           main] [                                                 ] liquibase.changelog                      : New row inserted into accounts
2024-07-29T09:47:01.822+05:00  INFO 12776 --- [project02] [           main] [                                                 ] liquibase.changelog                      : ChangeSet db/changelog/db.changelog-account.yaml::10::Ahmad ran successfully in 3ms
2024-07-29T09:47:01.822+05:00  INFO 12776 --- [project02] [           main] [                                                 ] liquibase.changelog                      : ChangeSet db/changelog/db.changelog-account.yaml::10::Ahmad ran successfully in 3ms
2024-07-29T09:47:01.826+05:00  INFO 12776 --- [project02] [           main] [                                                 ] liquibase.ui                             : Running Changeset: db/changelog/db.changelog-account.yaml::11::Ahmad
2024-07-29T09:47:01.826+05:00  INFO 12776 --- [project02] [           main] [                                                 ] liquibase.ui                             : Running Changeset: db/changelog/db.changelog-account.yaml::11::Ahmad
2024-07-29T09:47:01.828+05:00  INFO 12776 --- [project02] [           main] [                                                 ] liquibase.changelog                      : New row inserted into accounts
2024-07-29T09:47:01.828+05:00  INFO 12776 --- [project02] [           main] [                                                 ] liquibase.changelog                      : New row inserted into accounts
2024-07-29T09:47:01.829+05:00  INFO 12776 --- [project02] [           main] [                                                 ] liquibase.changelog                      : ChangeSet db/changelog/db.changelog-account.yaml::11::Ahmad ran successfully in 2ms
2024-07-29T09:47:01.829+05:00  INFO 12776 --- [project02] [           main] [                                                 ] liquibase.changelog                      : ChangeSet db/changelog/db.changelog-account.yaml::11::Ahmad ran successfully in 2ms
2024-07-29T09:47:01.832+05:00  INFO 12776 --- [project02] [           main] [                                                 ] liquibase.ui                             : Running Changeset: db/changelog/db.changelog-balance.yaml::3::Ahmad
2024-07-29T09:47:01.832+05:00  INFO 12776 --- [project02] [           main] [                                                 ] liquibase.ui                             : Running Changeset: db/changelog/db.changelog-balance.yaml::3::Ahmad
2024-07-29T09:47:01.836+05:00  INFO 12776 --- [project02] [           main] [                                                 ] liquibase.changelog                      : Table balances created
2024-07-29T09:47:01.836+05:00  INFO 12776 --- [project02] [           main] [                                                 ] liquibase.changelog                      : Table balances created
2024-07-29T09:47:01.840+05:00  INFO 12776 --- [project02] [           main] [                                                 ] liquibase.changelog                      : Foreign key constraint added to balances (accountID)
2024-07-29T09:47:01.840+05:00  INFO 12776 --- [project02] [           main] [                                                 ] liquibase.changelog                      : Foreign key constraint added to balances (accountID)
2024-07-29T09:47:01.841+05:00  INFO 12776 --- [project02] [           main] [                                                 ] liquibase.changelog                      : ChangeSet db/changelog/db.changelog-balance.yaml::3::Ahmad ran successfully in 8ms
2024-07-29T09:47:01.841+05:00  INFO 12776 --- [project02] [           main] [                                                 ] liquibase.changelog                      : ChangeSet db/changelog/db.changelog-balance.yaml::3::Ahmad ran successfully in 8ms
2024-07-29T09:47:01.845+05:00  INFO 12776 --- [project02] [           main] [                                                 ] liquibase.ui                             : Running Changeset: db/changelog/db.changelog-balance.yaml::4::Ahmad
2024-07-29T09:47:01.845+05:00  INFO 12776 --- [project02] [           main] [                                                 ] liquibase.ui                             : Running Changeset: db/changelog/db.changelog-balance.yaml::4::Ahmad
2024-07-29T09:47:01.848+05:00  INFO 12776 --- [project02] [           main] [                                                 ] liquibase.changelog                      : New row inserted into balances
2024-07-29T09:47:01.848+05:00  INFO 12776 --- [project02] [           main] [                                                 ] liquibase.changelog                      : New row inserted into balances
2024-07-29T09:47:01.850+05:00  INFO 12776 --- [project02] [           main] [                                                 ] liquibase.changelog                      : New row inserted into balances
2024-07-29T09:47:01.850+05:00  INFO 12776 --- [project02] [           main] [                                                 ] liquibase.changelog                      : New row inserted into balances
2024-07-29T09:47:01.851+05:00  INFO 12776 --- [project02] [           main] [                                                 ] liquibase.changelog                      : ChangeSet db/changelog/db.changelog-balance.yaml::4::Ahmad ran successfully in 5ms
2024-07-29T09:47:01.851+05:00  INFO 12776 --- [project02] [           main] [                                                 ] liquibase.changelog                      : ChangeSet db/changelog/db.changelog-balance.yaml::4::Ahmad ran successfully in 5ms
2024-07-29T09:47:01.856+05:00  INFO 12776 --- [project02] [           main] [                                                 ] liquibase.ui                             : Running Changeset: db/changelog/db.changelog-transaction.yaml::3::Ahmad
2024-07-29T09:47:01.856+05:00  INFO 12776 --- [project02] [           main] [                                                 ] liquibase.ui                             : Running Changeset: db/changelog/db.changelog-transaction.yaml::3::Ahmad
2024-07-29T09:47:01.859+05:00  INFO 12776 --- [project02] [           main] [                                                 ] liquibase.changelog                      : Table transactions created
2024-07-29T09:47:01.859+05:00  INFO 12776 --- [project02] [           main] [                                                 ] liquibase.changelog                      : Table transactions created
2024-07-29T09:47:01.862+05:00  INFO 12776 --- [project02] [           main] [                                                 ] liquibase.changelog                      : Foreign key constraint added to transactions (from_account)
2024-07-29T09:47:01.862+05:00  INFO 12776 --- [project02] [           main] [                                                 ] liquibase.changelog                      : Foreign key constraint added to transactions (from_account)
2024-07-29T09:47:01.863+05:00  INFO 12776 --- [project02] [           main] [                                                 ] liquibase.changelog                      : ChangeSet db/changelog/db.changelog-transaction.yaml::3::Ahmad ran successfully in 7ms
2024-07-29T09:47:01.863+05:00  INFO 12776 --- [project02] [           main] [                                                 ] liquibase.changelog                      : ChangeSet db/changelog/db.changelog-transaction.yaml::3::Ahmad ran successfully in 7ms
2024-07-29T09:47:01.867+05:00  INFO 12776 --- [project02] [           main] [                                                 ] liquibase.ui                             : Running Changeset: db/changelog/db.changelog-transaction.yaml::4::Ahmad
2024-07-29T09:47:01.867+05:00  INFO 12776 --- [project02] [           main] [                                                 ] liquibase.ui                             : Running Changeset: db/changelog/db.changelog-transaction.yaml::4::Ahmad
2024-07-29T09:47:01.870+05:00  INFO 12776 --- [project02] [           main] [                                                 ] liquibase.changelog                      : New row inserted into transactions
2024-07-29T09:47:01.870+05:00  INFO 12776 --- [project02] [           main] [                                                 ] liquibase.changelog                      : New row inserted into transactions
2024-07-29T09:47:01.871+05:00  INFO 12776 --- [project02] [           main] [                                                 ] liquibase.changelog                      : ChangeSet db/changelog/db.changelog-transaction.yaml::4::Ahmad ran successfully in 4ms
2024-07-29T09:47:01.871+05:00  INFO 12776 --- [project02] [           main] [                                                 ] liquibase.changelog                      : ChangeSet db/changelog/db.changelog-transaction.yaml::4::Ahmad ran successfully in 4ms
2024-07-29T09:47:01.881+05:00  INFO 12776 --- [project02] [           main] [                                                 ] liquibase.util                           : UPDATE SUMMARY
2024-07-29T09:47:01.881+05:00  INFO 12776 --- [project02] [           main] [                                                 ] liquibase.util                           : UPDATE SUMMARY
2024-07-29T09:47:01.881+05:00  INFO 12776 --- [project02] [           main] [                                                 ] liquibase.util                           : Run:                         10
2024-07-29T09:47:01.881+05:00  INFO 12776 --- [project02] [           main] [                                                 ] liquibase.util                           : Run:                         10
2024-07-29T09:47:01.881+05:00  INFO 12776 --- [project02] [           main] [                                                 ] liquibase.util                           : Previously run:               0
2024-07-29T09:47:01.881+05:00  INFO 12776 --- [project02] [           main] [                                                 ] liquibase.util                           : Previously run:               0
2024-07-29T09:47:01.882+05:00  INFO 12776 --- [project02] [           main] [                                                 ] liquibase.util                           : Filtered out:                 0
2024-07-29T09:47:01.882+05:00  INFO 12776 --- [project02] [           main] [                                                 ] liquibase.util                           : Filtered out:                 0
2024-07-29T09:47:01.882+05:00  INFO 12776 --- [project02] [           main] [                                                 ] liquibase.util                           : -------------------------------
2024-07-29T09:47:01.882+05:00  INFO 12776 --- [project02] [           main] [                                                 ] liquibase.util                           : -------------------------------
2024-07-29T09:47:01.882+05:00  INFO 12776 --- [project02] [           main] [                                                 ] liquibase.util                           : Total change sets:           10
2024-07-29T09:47:01.882+05:00  INFO 12776 --- [project02] [           main] [                                                 ] liquibase.util                           : Total change sets:           10
2024-07-29T09:47:01.884+05:00  INFO 12776 --- [project02] [           main] [                                                 ] liquibase.util                           : Update summary generated
2024-07-29T09:47:01.884+05:00  INFO 12776 --- [project02] [           main] [                                                 ] liquibase.util                           : Update summary generated
2024-07-29T09:47:01.890+05:00  INFO 12776 --- [project02] [           main] [                                                 ] liquibase.command                        : Update command completed successfully.
2024-07-29T09:47:01.890+05:00  INFO 12776 --- [project02] [           main] [                                                 ] liquibase.command                        : Update command completed successfully.
2024-07-29T09:47:01.891+05:00  INFO 12776 --- [project02] [           main] [                                                 ] liquibase.ui                             : Liquibase: Update has been successful. Rows affected: 17
2024-07-29T09:47:01.891+05:00  INFO 12776 --- [project02] [           main] [                                                 ] liquibase.ui                             : Liquibase: Update has been successful. Rows affected: 17
2024-07-29T09:47:01.894+05:00  INFO 12776 --- [project02] [           main] [                                                 ] liquibase.lockservice                    : Successfully released change log lock
2024-07-29T09:47:01.894+05:00  INFO 12776 --- [project02] [           main] [                                                 ] liquibase.lockservice                    : Successfully released change log lock
2024-07-29T09:47:01.895+05:00  INFO 12776 --- [project02] [           main] [                                                 ] liquibase.command                        : Command execution complete
2024-07-29T09:47:01.895+05:00  INFO 12776 --- [project02] [           main] [                                                 ] liquibase.command                        : Command execution complete
2024-07-29T09:47:02.117+05:00  INFO 12776 --- [project02] [           main] [                                                 ] o.hibernate.jpa.internal.util.LogHelper  : HHH000204: Processing PersistenceUnitInfo [name: default]
2024-07-29T09:47:02.117+05:00  INFO 12776 --- [project02] [           main] [                                                 ] o.hibernate.jpa.internal.util.LogHelper  : HHH000204: Processing PersistenceUnitInfo [name: default]
2024-07-29T09:47:02.261+05:00  INFO 12776 --- [project02] [           main] [                                                 ] org.hibernate.Version                    : HHH000412: Hibernate ORM core version 6.5.2.Final
2024-07-29T09:47:02.261+05:00  INFO 12776 --- [project02] [           main] [                                                 ] org.hibernate.Version                    : HHH000412: Hibernate ORM core version 6.5.2.Final
2024-07-29T09:47:02.323+05:00  INFO 12776 --- [project02] [           main] [                                                 ] o.h.c.internal.RegionFactoryInitiator    : HHH000026: Second-level cache disabled
2024-07-29T09:47:02.323+05:00  INFO 12776 --- [project02] [           main] [                                                 ] o.h.c.internal.RegionFactoryInitiator    : HHH000026: Second-level cache disabled
2024-07-29T09:47:02.881+05:00  INFO 12776 --- [project02] [           main] [                                                 ] o.s.o.j.p.SpringPersistenceUnitInfo      : No LoadTimeWeaver setup: ignoring JPA class transformer
2024-07-29T09:47:02.881+05:00  INFO 12776 --- [project02] [           main] [                                                 ] o.s.o.j.p.SpringPersistenceUnitInfo      : No LoadTimeWeaver setup: ignoring JPA class transformer
2024-07-29T09:47:04.525+05:00  INFO 12776 --- [project02] [           main] [                                                 ] o.h.e.t.j.p.i.JtaPlatformInitiator       : HHH000489: No JTA platform available (set 'hibernate.transaction.jta.platform' to enable JTA platform integration)
2024-07-29T09:47:04.525+05:00  INFO 12776 --- [project02] [           main] [                                                 ] o.h.e.t.j.p.i.JtaPlatformInitiator       : HHH000489: No JTA platform available (set 'hibernate.transaction.jta.platform' to enable JTA platform integration)
2024-07-29T09:47:04.530+05:00  INFO 12776 --- [project02] [           main] [                                                 ] j.LocalContainerEntityManagerFactoryBean : Initialized JPA EntityManagerFactory for persistence unit 'default'
2024-07-29T09:47:04.530+05:00  INFO 12776 --- [project02] [           main] [                                                 ] j.LocalContainerEntityManagerFactoryBean : Initialized JPA EntityManagerFactory for persistence unit 'default'
2024-07-29T09:47:05.162+05:00  INFO 12776 --- [project02] [           main] [                                                 ] o.s.d.j.r.query.QueryEnhancerFactory     : Hibernate is in classpath; If applicable, HQL parser will be used.
2024-07-29T09:47:05.162+05:00  INFO 12776 --- [project02] [           main] [                                                 ] o.s.d.j.r.query.QueryEnhancerFactory     : Hibernate is in classpath; If applicable, HQL parser will be used.
2024-07-29T09:47:06.004+05:00  INFO 12776 --- [project02] [           main] [                                                 ] eAuthenticationProviderManagerConfigurer : Global AuthenticationManager configured with AuthenticationProvider bean with name daoAuthenticationProvider
2024-07-29T09:47:06.005+05:00  WARN 12776 --- [project02] [           main] [                                                 ] r$InitializeUserDetailsManagerConfigurer : Global AuthenticationManager configured with an AuthenticationProvider bean. UserDetailsService beans will not be used for username/password login. Consider removing the AuthenticationProvider bean. Alternatively, consider using the UserDetailsService in a manually instantiated DaoAuthenticationProvider.
2024-07-29T09:47:06.449+05:00  INFO 12776 --- [project02] [           main] [                                                 ] o.s.b.a.w.s.WelcomePageHandlerMapping    : Adding welcome page: class path resource [static/index.html]
2024-07-29T09:47:06.449+05:00  INFO 12776 --- [project02] [           main] [                                                 ] o.s.b.a.w.s.WelcomePageHandlerMapping    : Adding welcome page: class path resource [static/index.html]
2024-07-29T09:47:07.260+05:00  INFO 12776 --- [project02] [           main] [                                                 ] o.s.b.a.e.web.EndpointLinksResolver      : Exposing 15 endpoints beneath base path '/actuator'
2024-07-29T09:47:07.260+05:00  INFO 12776 --- [project02] [           main] [                                                 ] o.s.b.a.e.web.EndpointLinksResolver      : Exposing 15 endpoints beneath base path '/actuator'
2024-07-29T09:47:08.399+05:00  INFO 12776 --- [project02] [           main] [                                                 ] o.s.b.a.h2.H2ConsoleAutoConfiguration    : H2 console available at '/h2-console'. Database available at 'jdbc:h2:mem:bank'
2024-07-29T09:47:08.399+05:00  INFO 12776 --- [project02] [           main] [                                                 ] o.s.b.a.h2.H2ConsoleAutoConfiguration    : H2 console available at '/h2-console'. Database available at 'jdbc:h2:mem:bank'
2024-07-29T09:47:08.555+05:00  INFO 12776 --- [project02] [           main] [                                                 ] o.s.b.t.m.w.SpringBootMockServletContext : Initializing Spring TestDispatcherServlet ''
2024-07-29T09:47:08.555+05:00  INFO 12776 --- [project02] [           main] [                                                 ] o.s.b.t.m.w.SpringBootMockServletContext : Initializing Spring TestDispatcherServlet ''
2024-07-29T09:47:08.556+05:00  INFO 12776 --- [project02] [           main] [                                                 ] o.s.t.web.servlet.TestDispatcherServlet  : Initializing Servlet ''
2024-07-29T09:47:08.556+05:00  INFO 12776 --- [project02] [           main] [                                                 ] o.s.t.web.servlet.TestDispatcherServlet  : Initializing Servlet ''
2024-07-29T09:47:08.558+05:00  INFO 12776 --- [project02] [           main] [                                                 ] o.s.t.web.servlet.TestDispatcherServlet  : Completed initialization in 2 ms
2024-07-29T09:47:08.558+05:00  INFO 12776 --- [project02] [           main] [                                                 ] o.s.t.web.servlet.TestDispatcherServlet  : Completed initialization in 2 ms
2024-07-29T09:47:08.650+05:00  INFO 12776 --- [project02] [           main] [                                                 ] c.p.project06.AccountApiControllerTest   : Started AccountApiControllerTest in 12.809 seconds (process running for 15.312)
2024-07-29T09:47:08.650+05:00  INFO 12776 --- [project02] [           main] [                                                 ] c.p.project06.AccountApiControllerTest   : Started AccountApiControllerTest in 12.809 seconds (process running for 15.312)

MockHttpServletRequest:
      HTTP Method = GET
      Request URI = /api/v1/accounts
       Parameters = {}
          Headers = [Content-Type:"application/json;charset=UTF-8", Authorization:"Bearer eyJhbGciOiJIUzI1NiJ9.eyJzdWIiOiJhZG1pbiIsImlhdCI6MTcyMjIyODQzMSwiZXhwIjoxNzIyMjMzNDMxfQ.X0dWpSNoEpbB9o5FR2Jr7zdxNQt0hL_WN32Zln5ZNBU"]
             Body = null
    Session Attrs = {}

Handler:
             Type = com.practice.project06.account.AccountController
           Method = com.practice.project06.account.AccountController#getAllAccounts()

Async:
    Async started = false
     Async result = null

Resolved Exception:
             Type = null

ModelAndView:
        View name = null
             View = null
            Model = null

FlashMap:
       Attributes = null

MockHttpServletResponse:
           Status = 200
    Error message = null
          Headers = [Vary:"Origin", "Access-Control-Request-Method", "Access-Control-Request-Headers", Content-Type:"application/json", X-Content-Type-Options:"nosniff", X-XSS-Protection:"0", Cache-Control:"no-cache, no-store, max-age=0, must-revalidate", Pragma:"no-cache", Expires:"0", X-Frame-Options:"DENY"]
     Content type = application/json
             Body = [{"accountID":1,"user":{"userID":1,"username":"abc","password":"$2a$12$diheMtyeAeA8iBeVx.prq.jeVWuRWrtmlnAwcS7bbLbEJp/EtulPW","role":"USER","email":"admin@gmail.com","address":"123 Street Lahore"},"accountNumber":"12345","accountType":"SAVINGS"},{"accountID":2,"user":{"userID":2,"username":"admin","password":"$2a$12$diheMtyeAeA8iBeVx.prq.jeVWuRWrtmlnAwcS7bbLbEJp/EtulPW","role":"ADMIN","email":"abc@gmail.com","address":"Karachi"},"accountNumber":"123456","accountType":"CHECKING"}]
    Forwarded URL = null
   Redirected URL = null
          Cookies = []
]]></system-out>
    <system-err><![CDATA[WARNING: A Java agent has been loaded dynamically (C:\Users\ahmad.irtza\.m2\repository\net\bytebuddy\byte-buddy-agent\1.14.17\byte-buddy-agent-1.14.17.jar)
WARNING: If a serviceability tool is in use, please run with -XX:+EnableDynamicAgentLoading to hide this warning
WARNING: If a serviceability tool is not in use, please run with -Djdk.instrument.traceUsage for more information
WARNING: Dynamic loading of agents will be disallowed by default in a future release
]]></system-err>
  </testcase>
  <testcase name="testDeleteAccount_Success" classname="com.practice.project06.AccountApiControllerTest" time="0.585">
    <error message="Request processing failed: org.springframework.dao.DataIntegrityViolationException: could not execute statement [Referential integrity constraint violation: &quot;FK_BALANCE_ACCOUNT: PUBLIC.BALANCES FOREIGN KEY(ACCOUNTID) REFERENCES PUBLIC.ACCOUNTS(ACCOUNTID) (CAST(1 AS BIGINT))&quot;; SQL statement:&#10;delete from accounts where accountid=? [23503-224]] [delete from accounts where accountid=?]; SQL [delete from accounts where accountid=?]; constraint [FK_BALANCE_ACCOUNT: PUBLIC.BALANCES FOREIGN KEY(ACCOUNTID) REFERENCES PUBLIC.ACCOUNTS(ACCOUNTID) (CAST(1 AS BIGINT)); SQL statement:&#10;delete from accounts where accountid=? [23503-224]]" type="jakarta.servlet.ServletException"><![CDATA[jakarta.servlet.ServletException: 
Request processing failed: org.springframework.dao.DataIntegrityViolationException: could not execute statement [Referential integrity constraint violation: "FK_BALANCE_ACCOUNT: PUBLIC.BALANCES FOREIGN KEY(ACCOUNTID) REFERENCES PUBLIC.ACCOUNTS(ACCOUNTID) (CAST(1 AS BIGINT))"; SQL statement:
delete from accounts where accountid=? [23503-224]] [delete from accounts where accountid=?]; SQL [delete from accounts where accountid=?]; constraint [FK_BALANCE_ACCOUNT: PUBLIC.BALANCES FOREIGN KEY(ACCOUNTID) REFERENCES PUBLIC.ACCOUNTS(ACCOUNTID) (CAST(1 AS BIGINT)); SQL statement:
delete from accounts where accountid=? [23503-224]]
	at org.springframework.web.servlet.FrameworkServlet.processRequest(FrameworkServlet.java:1022)
	at org.springframework.web.servlet.FrameworkServlet.doDelete(FrameworkServlet.java:936)
	at jakarta.servlet.http.HttpServlet.service(HttpServlet.java:596)
	at org.springframework.web.servlet.FrameworkServlet.service(FrameworkServlet.java:885)
	at org.springframework.test.web.servlet.TestDispatcherServlet.service(TestDispatcherServlet.java:72)
	at jakarta.servlet.http.HttpServlet.service(HttpServlet.java:658)
	at org.springframework.mock.web.MockFilterChain$ServletFilterProxy.doFilter(MockFilterChain.java:165)
	at org.springframework.mock.web.MockFilterChain.doFilter(MockFilterChain.java:132)
	at org.springframework.web.filter.OncePerRequestFilter.doFilter(OncePerRequestFilter.java:110)
	at org.springframework.test.web.servlet.setup.MockMvcFilterDecorator.doFilter(MockMvcFilterDecorator.java:151)
	at org.springframework.mock.web.MockFilterChain.doFilter(MockFilterChain.java:132)
	at org.springframework.web.filter.CompositeFilter$VirtualFilterChain.doFilter(CompositeFilter.java:108)
	at org.springframework.security.web.FilterChainProxy.lambda$doFilterInternal$3(FilterChainProxy.java:231)
	at org.springframework.security.web.ObservationFilterChainDecorator$FilterObservation$SimpleFilterObservation.lambda$wrap$1(ObservationFilterChainDecorator.java:479)
	at org.springframework.security.web.ObservationFilterChainDecorator$AroundFilterObservation$SimpleAroundFilterObservation.lambda$wrap$1(ObservationFilterChainDecorator.java:340)
	at org.springframework.security.web.ObservationFilterChainDecorator.lambda$wrapSecured$0(ObservationFilterChainDecorator.java:82)
	at org.springframework.security.web.ObservationFilterChainDecorator$VirtualFilterChain.doFilter(ObservationFilterChainDecorator.java:128)
	at org.springframework.security.web.access.intercept.AuthorizationFilter.doFilter(AuthorizationFilter.java:100)
	at org.springframework.security.web.ObservationFilterChainDecorator$ObservationFilter.wrapFilter(ObservationFilterChainDecorator.java:240)
	at org.springframework.security.web.ObservationFilterChainDecorator$ObservationFilter.doFilter(ObservationFilterChainDecorator.java:227)
	at org.springframework.security.web.ObservationFilterChainDecorator$VirtualFilterChain.doFilter(ObservationFilterChainDecorator.java:137)
	at org.springframework.security.web.access.ExceptionTranslationFilter.doFilter(ExceptionTranslationFilter.java:126)
	at org.springframework.security.web.access.ExceptionTranslationFilter.doFilter(ExceptionTranslationFilter.java:120)
	at org.springframework.security.web.ObservationFilterChainDecorator$ObservationFilter.wrapFilter(ObservationFilterChainDecorator.java:240)
	at org.springframework.security.web.ObservationFilterChainDecorator$ObservationFilter.doFilter(ObservationFilterChainDecorator.java:227)
	at org.springframework.security.web.ObservationFilterChainDecorator$VirtualFilterChain.doFilter(ObservationFilterChainDecorator.java:137)
	at org.springframework.security.web.session.SessionManagementFilter.doFilter(SessionManagementFilter.java:131)
	at org.springframework.security.web.session.SessionManagementFilter.doFilter(SessionManagementFilter.java:85)
	at org.springframework.security.web.ObservationFilterChainDecorator$ObservationFilter.wrapFilter(ObservationFilterChainDecorator.java:240)
	at org.springframework.security.web.ObservationFilterChainDecorator$ObservationFilter.doFilter(ObservationFilterChainDecorator.java:227)
	at org.springframework.security.web.ObservationFilterChainDecorator$VirtualFilterChain.doFilter(ObservationFilterChainDecorator.java:137)
	at org.springframework.security.web.authentication.AnonymousAuthenticationFilter.doFilter(AnonymousAuthenticationFilter.java:100)
	at org.springframework.security.web.ObservationFilterChainDecorator$ObservationFilter.wrapFilter(ObservationFilterChainDecorator.java:240)
	at org.springframework.security.web.ObservationFilterChainDecorator$ObservationFilter.doFilter(ObservationFilterChainDecorator.java:227)
	at org.springframework.security.web.ObservationFilterChainDecorator$VirtualFilterChain.doFilter(ObservationFilterChainDecorator.java:137)
	at org.springframework.security.web.servletapi.SecurityContextHolderAwareRequestFilter.doFilter(SecurityContextHolderAwareRequestFilter.java:179)
	at org.springframework.security.web.ObservationFilterChainDecorator$ObservationFilter.wrapFilter(ObservationFilterChainDecorator.java:240)
	at org.springframework.security.web.ObservationFilterChainDecorator$ObservationFilter.doFilter(ObservationFilterChainDecorator.java:227)
	at org.springframework.security.web.ObservationFilterChainDecorator$VirtualFilterChain.doFilter(ObservationFilterChainDecorator.java:137)
	at org.springframework.security.web.savedrequest.RequestCacheAwareFilter.doFilter(RequestCacheAwareFilter.java:63)
	at org.springframework.security.web.ObservationFilterChainDecorator$ObservationFilter.wrapFilter(ObservationFilterChainDecorator.java:240)
	at org.springframework.security.web.ObservationFilterChainDecorator$ObservationFilter.doFilter(ObservationFilterChainDecorator.java:227)
	at org.springframework.security.web.ObservationFilterChainDecorator$VirtualFilterChain.doFilter(ObservationFilterChainDecorator.java:137)
	at com.practice.project06.filter.JwtFilter.doFilterInternal(JwtFilter.java:53)
	at org.springframework.web.filter.OncePerRequestFilter.doFilter(OncePerRequestFilter.java:116)
	at org.springframework.security.web.ObservationFilterChainDecorator$ObservationFilter.wrapFilter(ObservationFilterChainDecorator.java:240)
	at org.springframework.security.web.ObservationFilterChainDecorator$ObservationFilter.doFilter(ObservationFilterChainDecorator.java:227)
	at org.springframework.security.web.ObservationFilterChainDecorator$VirtualFilterChain.doFilter(ObservationFilterChainDecorator.java:137)
	at org.springframework.security.web.authentication.logout.LogoutFilter.doFilter(LogoutFilter.java:107)
	at org.springframework.security.web.authentication.logout.LogoutFilter.doFilter(LogoutFilter.java:93)
	at org.springframework.security.web.ObservationFilterChainDecorator$ObservationFilter.wrapFilter(ObservationFilterChainDecorator.java:240)
	at org.springframework.security.web.ObservationFilterChainDecorator$ObservationFilter.doFilter(ObservationFilterChainDecorator.java:227)
	at org.springframework.security.web.ObservationFilterChainDecorator$VirtualFilterChain.doFilter(ObservationFilterChainDecorator.java:137)
	at org.springframework.web.filter.CorsFilter.doFilterInternal(CorsFilter.java:91)
	at org.springframework.web.filter.OncePerRequestFilter.doFilter(OncePerRequestFilter.java:116)
	at org.springframework.security.web.ObservationFilterChainDecorator$ObservationFilter.wrapFilter(ObservationFilterChainDecorator.java:240)
	at org.springframework.security.web.ObservationFilterChainDecorator$ObservationFilter.doFilter(ObservationFilterChainDecorator.java:227)
	at org.springframework.security.web.ObservationFilterChainDecorator$VirtualFilterChain.doFilter(ObservationFilterChainDecorator.java:137)
	at org.springframework.security.web.header.HeaderWriterFilter.doHeadersAfter(HeaderWriterFilter.java:90)
	at org.springframework.security.web.header.HeaderWriterFilter.doFilterInternal(HeaderWriterFilter.java:75)
	at org.springframework.web.filter.OncePerRequestFilter.doFilter(OncePerRequestFilter.java:116)
	at org.springframework.security.web.ObservationFilterChainDecorator$ObservationFilter.wrapFilter(ObservationFilterChainDecorator.java:240)
	at org.springframework.security.web.ObservationFilterChainDecorator$ObservationFilter.doFilter(ObservationFilterChainDecorator.java:227)
	at org.springframework.security.web.ObservationFilterChainDecorator$VirtualFilterChain.doFilter(ObservationFilterChainDecorator.java:137)
	at org.springframework.security.web.context.SecurityContextHolderFilter.doFilter(SecurityContextHolderFilter.java:82)
	at org.springframework.security.web.context.SecurityContextHolderFilter.doFilter(SecurityContextHolderFilter.java:69)
	at org.springframework.security.web.ObservationFilterChainDecorator$ObservationFilter.wrapFilter(ObservationFilterChainDecorator.java:240)
	at org.springframework.security.web.ObservationFilterChainDecorator$ObservationFilter.doFilter(ObservationFilterChainDecorator.java:227)
	at org.springframework.security.web.ObservationFilterChainDecorator$VirtualFilterChain.doFilter(ObservationFilterChainDecorator.java:137)
	at org.springframework.security.web.context.request.async.WebAsyncManagerIntegrationFilter.doFilterInternal(WebAsyncManagerIntegrationFilter.java:62)
	at org.springframework.web.filter.OncePerRequestFilter.doFilter(OncePerRequestFilter.java:116)
	at org.springframework.security.web.ObservationFilterChainDecorator$ObservationFilter.wrapFilter(ObservationFilterChainDecorator.java:240)
	at org.springframework.security.web.ObservationFilterChainDecorator$ObservationFilter.doFilter(ObservationFilterChainDecorator.java:227)
	at org.springframework.security.web.ObservationFilterChainDecorator$VirtualFilterChain.doFilter(ObservationFilterChainDecorator.java:137)
	at org.springframework.security.web.session.DisableEncodeUrlFilter.doFilterInternal(DisableEncodeUrlFilter.java:42)
	at org.springframework.web.filter.OncePerRequestFilter.doFilter(OncePerRequestFilter.java:116)
	at org.springframework.security.web.ObservationFilterChainDecorator$ObservationFilter.wrapFilter(ObservationFilterChainDecorator.java:240)
	at org.springframework.security.web.ObservationFilterChainDecorator$AroundFilterObservation$SimpleAroundFilterObservation.lambda$wrap$0(ObservationFilterChainDecorator.java:323)
	at org.springframework.security.web.ObservationFilterChainDecorator$ObservationFilter.doFilter(ObservationFilterChainDecorator.java:224)
	at org.springframework.security.web.ObservationFilterChainDecorator$VirtualFilterChain.doFilter(ObservationFilterChainDecorator.java:137)
	at org.springframework.security.web.FilterChainProxy.doFilterInternal(FilterChainProxy.java:233)
	at org.springframework.security.web.FilterChainProxy.doFilter(FilterChainProxy.java:191)
	at org.springframework.web.filter.CompositeFilter$VirtualFilterChain.doFilter(CompositeFilter.java:113)
	at org.springframework.web.servlet.handler.HandlerMappingIntrospector.lambda$createCacheFilter$3(HandlerMappingIntrospector.java:195)
	at org.springframework.web.filter.CompositeFilter$VirtualFilterChain.doFilter(CompositeFilter.java:113)
	at org.springframework.web.filter.CompositeFilter.doFilter(CompositeFilter.java:74)
	at org.springframework.security.config.annotation.web.configuration.WebMvcSecurityConfiguration$CompositeFilterChainProxy.doFilter(WebMvcSecurityConfiguration.java:230)
	at org.springframework.web.filter.DelegatingFilterProxy.invokeDelegate(DelegatingFilterProxy.java:352)
	at org.springframework.web.filter.DelegatingFilterProxy.doFilter(DelegatingFilterProxy.java:268)
	at org.springframework.test.web.servlet.setup.MockMvcFilterDecorator.doFilter(MockMvcFilterDecorator.java:151)
	at org.springframework.mock.web.MockFilterChain.doFilter(MockFilterChain.java:132)
	at org.springframework.web.filter.RequestContextFilter.doFilterInternal(RequestContextFilter.java:100)
	at org.springframework.web.filter.OncePerRequestFilter.doFilter(OncePerRequestFilter.java:116)
	at org.springframework.test.web.servlet.setup.MockMvcFilterDecorator.doFilter(MockMvcFilterDecorator.java:151)
	at org.springframework.mock.web.MockFilterChain.doFilter(MockFilterChain.java:132)
	at org.springframework.web.filter.FormContentFilter.doFilterInternal(FormContentFilter.java:93)
	at org.springframework.web.filter.OncePerRequestFilter.doFilter(OncePerRequestFilter.java:116)
	at org.springframework.test.web.servlet.setup.MockMvcFilterDecorator.doFilter(MockMvcFilterDecorator.java:151)
	at org.springframework.mock.web.MockFilterChain.doFilter(MockFilterChain.java:132)
	at org.springframework.web.filter.ServerHttpObservationFilter.doFilterInternal(ServerHttpObservationFilter.java:107)
	at org.springframework.web.filter.OncePerRequestFilter.doFilter(OncePerRequestFilter.java:116)
	at org.springframework.test.web.servlet.setup.MockMvcFilterDecorator.doFilter(MockMvcFilterDecorator.java:151)
	at org.springframework.mock.web.MockFilterChain.doFilter(MockFilterChain.java:132)
	at org.springframework.web.filter.CharacterEncodingFilter.doFilterInternal(CharacterEncodingFilter.java:201)
	at org.springframework.web.filter.OncePerRequestFilter.doFilter(OncePerRequestFilter.java:116)
	at org.springframework.test.web.servlet.setup.MockMvcFilterDecorator.doFilter(MockMvcFilterDecorator.java:151)
	at org.springframework.mock.web.MockFilterChain.doFilter(MockFilterChain.java:132)
	at org.springframework.test.web.servlet.MockMvc.perform(MockMvc.java:201)
	at com.practice.project06.AccountApiControllerTest.testDeleteAccount_Success(AccountApiControllerTest.java:220)
	at java.base/java.lang.reflect.Method.invoke(Method.java:580)
	at java.base/java.util.ArrayList.forEach(ArrayList.java:1597)
	at java.base/java.util.ArrayList.forEach(ArrayList.java:1597)
Caused by: org.springframework.dao.DataIntegrityViolationException: could not execute statement [Referential integrity constraint violation: "FK_BALANCE_ACCOUNT: PUBLIC.BALANCES FOREIGN KEY(ACCOUNTID) REFERENCES PUBLIC.ACCOUNTS(ACCOUNTID) (CAST(1 AS BIGINT))"; SQL statement:
delete from accounts where accountid=? [23503-224]] [delete from accounts where accountid=?]; SQL [delete from accounts where accountid=?]; constraint [FK_BALANCE_ACCOUNT: PUBLIC.BALANCES FOREIGN KEY(ACCOUNTID) REFERENCES PUBLIC.ACCOUNTS(ACCOUNTID) (CAST(1 AS BIGINT)); SQL statement:
delete from accounts where accountid=? [23503-224]]
	at org.springframework.orm.jpa.vendor.HibernateJpaDialect.convertHibernateAccessException(HibernateJpaDialect.java:290)
	at org.springframework.orm.jpa.vendor.HibernateJpaDialect.translateExceptionIfPossible(HibernateJpaDialect.java:241)
	at org.springframework.orm.jpa.JpaTransactionManager.doCommit(JpaTransactionManager.java:566)
	at org.springframework.transaction.support.AbstractPlatformTransactionManager.processCommit(AbstractPlatformTransactionManager.java:795)
	at org.springframework.transaction.support.AbstractPlatformTransactionManager.commit(AbstractPlatformTransactionManager.java:758)
	at org.springframework.transaction.interceptor.TransactionAspectSupport.commitTransactionAfterReturning(TransactionAspectSupport.java:676)
	at org.springframework.transaction.interceptor.TransactionAspectSupport.invokeWithinTransaction(TransactionAspectSupport.java:426)
	at org.springframework.transaction.interceptor.TransactionInterceptor.invoke(TransactionInterceptor.java:119)
	at org.springframework.aop.framework.ReflectiveMethodInvocation.proceed(ReflectiveMethodInvocation.java:184)
	at org.springframework.dao.support.PersistenceExceptionTranslationInterceptor.invoke(PersistenceExceptionTranslationInterceptor.java:138)
	at org.springframework.aop.framework.ReflectiveMethodInvocation.proceed(ReflectiveMethodInvocation.java:184)
	at org.springframework.data.jpa.repository.support.CrudMethodMetadataPostProcessor$CrudMethodMetadataPopulatingMethodInterceptor.invoke(CrudMethodMetadataPostProcessor.java:165)
	at org.springframework.aop.framework.ReflectiveMethodInvocation.proceed(ReflectiveMethodInvocation.java:184)
	at org.springframework.aop.interceptor.ExposeInvocationInterceptor.invoke(ExposeInvocationInterceptor.java:97)
	at org.springframework.aop.framework.ReflectiveMethodInvocation.proceed(ReflectiveMethodInvocation.java:184)
	at org.springframework.aop.framework.JdkDynamicAopProxy.invoke(JdkDynamicAopProxy.java:223)
	at jdk.proxy2/jdk.proxy2.$Proxy170.deleteById(Unknown Source)
	at com.practice.project06.account.AccountService.deleteAccount(AccountService.java:99)
	at com.practice.project06.account.AccountController.deleteAccount(AccountController.java:48)
	at java.base/jdk.internal.reflect.DirectMethodHandleAccessor.invoke(DirectMethodHandleAccessor.java:103)
	at java.base/java.lang.reflect.Method.invoke(Method.java:580)
	at org.springframework.web.method.support.InvocableHandlerMethod.doInvoke(InvocableHandlerMethod.java:255)
	at org.springframework.web.method.support.InvocableHandlerMethod.invokeForRequest(InvocableHandlerMethod.java:188)
	at org.springframework.web.servlet.mvc.method.annotation.ServletInvocableHandlerMethod.invokeAndHandle(ServletInvocableHandlerMethod.java:118)
	at org.springframework.web.servlet.mvc.method.annotation.RequestMappingHandlerAdapter.invokeHandlerMethod(RequestMappingHandlerAdapter.java:926)
	at org.springframework.web.servlet.mvc.method.annotation.RequestMappingHandlerAdapter.handleInternal(RequestMappingHandlerAdapter.java:831)
	at org.springframework.web.servlet.mvc.method.AbstractHandlerMethodAdapter.handle(AbstractHandlerMethodAdapter.java:87)
	at org.springframework.web.servlet.DispatcherServlet.doDispatch(DispatcherServlet.java:1089)
	at org.springframework.web.servlet.DispatcherServlet.doService(DispatcherServlet.java:979)
	at org.springframework.web.servlet.FrameworkServlet.processRequest(FrameworkServlet.java:1014)
	... 111 more
Caused by: org.hibernate.exception.ConstraintViolationException: could not execute statement [Referential integrity constraint violation: "FK_BALANCE_ACCOUNT: PUBLIC.BALANCES FOREIGN KEY(ACCOUNTID) REFERENCES PUBLIC.ACCOUNTS(ACCOUNTID) (CAST(1 AS BIGINT))"; SQL statement:
delete from accounts where accountid=? [23503-224]] [delete from accounts where accountid=?]
	at org.hibernate.exception.internal.SQLExceptionTypeDelegate.convert(SQLExceptionTypeDelegate.java:62)
	at org.hibernate.exception.internal.StandardSQLExceptionConverter.convert(StandardSQLExceptionConverter.java:58)
	at org.hibernate.engine.jdbc.spi.SqlExceptionHelper.convert(SqlExceptionHelper.java:108)
	at org.hibernate.engine.jdbc.internal.ResultSetReturnImpl.executeUpdate(ResultSetReturnImpl.java:197)
	at org.hibernate.engine.jdbc.mutation.internal.AbstractMutationExecutor.performNonBatchedMutation(AbstractMutationExecutor.java:134)
	at org.hibernate.engine.jdbc.mutation.internal.MutationExecutorSingleNonBatched.performNonBatchedOperations(MutationExecutorSingleNonBatched.java:55)
	at org.hibernate.engine.jdbc.mutation.internal.AbstractMutationExecutor.execute(AbstractMutationExecutor.java:55)
	at org.hibernate.persister.entity.mutation.AbstractDeleteCoordinator.doStaticDelete(AbstractDeleteCoordinator.java:279)
	at org.hibernate.persister.entity.mutation.AbstractDeleteCoordinator.delete(AbstractDeleteCoordinator.java:87)
	at org.hibernate.action.internal.EntityDeleteAction.execute(EntityDeleteAction.java:131)
	at org.hibernate.engine.spi.ActionQueue.executeActions(ActionQueue.java:632)
	at org.hibernate.engine.spi.ActionQueue.executeActions(ActionQueue.java:499)
	at org.hibernate.event.internal.AbstractFlushingEventListener.performExecutions(AbstractFlushingEventListener.java:371)
	at org.hibernate.event.internal.DefaultFlushEventListener.onFlush(DefaultFlushEventListener.java:41)
	at org.hibernate.event.service.internal.EventListenerGroupImpl.fireEventOnEachListener(EventListenerGroupImpl.java:127)
	at org.hibernate.internal.SessionImpl.doFlush(SessionImpl.java:1425)
	at org.hibernate.internal.SessionImpl.managedFlush(SessionImpl.java:487)
	at org.hibernate.internal.SessionImpl.flushBeforeTransactionCompletion(SessionImpl.java:2324)
	at org.hibernate.internal.SessionImpl.beforeTransactionCompletion(SessionImpl.java:1981)
	at org.hibernate.engine.jdbc.internal.JdbcCoordinatorImpl.beforeTransactionCompletion(JdbcCoordinatorImpl.java:439)
	at org.hibernate.resource.transaction.backend.jdbc.internal.JdbcResourceLocalTransactionCoordinatorImpl.beforeCompletionCallback(JdbcResourceLocalTransactionCoordinatorImpl.java:169)
	at org.hibernate.resource.transaction.backend.jdbc.internal.JdbcResourceLocalTransactionCoordinatorImpl$TransactionDriverControlImpl.commit(JdbcResourceLocalTransactionCoordinatorImpl.java:267)
	at org.hibernate.engine.transaction.internal.TransactionImpl.commit(TransactionImpl.java:101)
	at org.springframework.orm.jpa.JpaTransactionManager.doCommit(JpaTransactionManager.java:562)
	... 138 more
Caused by: org.h2.jdbc.JdbcSQLIntegrityConstraintViolationException: Referential integrity constraint violation: "FK_BALANCE_ACCOUNT: PUBLIC.BALANCES FOREIGN KEY(ACCOUNTID) REFERENCES PUBLIC.ACCOUNTS(ACCOUNTID) (CAST(1 AS BIGINT))"; SQL statement:
delete from accounts where accountid=? [23503-224]
	at org.h2.message.DbException.getJdbcSQLException(DbException.java:520)
	at org.h2.message.DbException.getJdbcSQLException(DbException.java:489)
	at org.h2.message.DbException.get(DbException.java:223)
	at org.h2.message.DbException.get(DbException.java:199)
	at org.h2.constraint.ConstraintReferential.checkRow(ConstraintReferential.java:365)
	at org.h2.constraint.ConstraintReferential.checkRowRefTable(ConstraintReferential.java:382)
	at org.h2.constraint.ConstraintReferential.checkRow(ConstraintReferential.java:256)
	at org.h2.table.Table.fireConstraints(Table.java:1200)
	at org.h2.table.Table.fireAfterRow(Table.java:1218)
	at org.h2.command.dml.Delete.update(Delete.java:92)
	at org.h2.command.dml.DataChangeStatement.update(DataChangeStatement.java:74)
	at org.h2.command.CommandContainer.update(CommandContainer.java:169)
	at org.h2.command.Command.executeUpdate(Command.java:256)
	at org.h2.jdbc.JdbcPreparedStatement.executeUpdateInternal(JdbcPreparedStatement.java:216)
	at org.h2.jdbc.JdbcPreparedStatement.executeUpdate(JdbcPreparedStatement.java:174)
	at com.zaxxer.hikari.pool.ProxyPreparedStatement.executeUpdate(ProxyPreparedStatement.java:61)
	at com.zaxxer.hikari.pool.HikariProxyPreparedStatement.executeUpdate(HikariProxyPreparedStatement.java)
	at org.hibernate.engine.jdbc.internal.ResultSetReturnImpl.executeUpdate(ResultSetReturnImpl.java:194)
	... 158 more
]]></error>
    <system-out><![CDATA[2024-07-29T09:47:12.367+05:00  WARN 12776 --- [project02] [           main] [66a71ed00dd8ef9ddfa4541d8256a68c-4052a1fca8395014] o.h.engine.jdbc.spi.SqlExceptionHelper   : SQL Error: 23503, SQLState: 23503
2024-07-29T09:47:12.367+05:00  WARN 12776 --- [project02] [           main] [66a71ed00dd8ef9ddfa4541d8256a68c-4052a1fca8395014] o.h.engine.jdbc.spi.SqlExceptionHelper   : SQL Error: 23503, SQLState: 23503
2024-07-29T09:47:12.368+05:00 ERROR 12776 --- [project02] [           main] [66a71ed00dd8ef9ddfa4541d8256a68c-4052a1fca8395014] o.h.engine.jdbc.spi.SqlExceptionHelper   : Referential integrity constraint violation: "FK_BALANCE_ACCOUNT: PUBLIC.BALANCES FOREIGN KEY(ACCOUNTID) REFERENCES PUBLIC.ACCOUNTS(ACCOUNTID) (CAST(1 AS BIGINT))"; SQL statement:
delete from accounts where accountid=? [23503-224]
2024-07-29T09:47:12.368+05:00 ERROR 12776 --- [project02] [           main] [66a71ed00dd8ef9ddfa4541d8256a68c-4052a1fca8395014] o.h.engine.jdbc.spi.SqlExceptionHelper   : Referential integrity constraint violation: "FK_BALANCE_ACCOUNT: PUBLIC.BALANCES FOREIGN KEY(ACCOUNTID) REFERENCES PUBLIC.ACCOUNTS(ACCOUNTID) (CAST(1 AS BIGINT))"; SQL statement:
delete from accounts where accountid=? [23503-224]

MockHttpServletRequest:
      HTTP Method = POST
      Request URI = /api/v1/auth/login
       Parameters = {}
          Headers = [Content-Type:"application/json;charset=UTF-8", Content-Length:"43"]
             Body = {"username":"admin", "password":"admin123"}
    Session Attrs = {}

Handler:
             Type = com.practice.project06.auth.AuthController
           Method = com.practice.project06.auth.AuthController#login(AuthRequest)

Async:
    Async started = false
     Async result = null

Resolved Exception:
             Type = null

ModelAndView:
        View name = null
             View = null
            Model = null

FlashMap:
       Attributes = null

MockHttpServletResponse:
           Status = 200
    Error message = null
          Headers = [Vary:"Origin", "Access-Control-Request-Method", "Access-Control-Request-Headers", Content-Type:"application/json", X-Content-Type-Options:"nosniff", X-XSS-Protection:"0", Cache-Control:"no-cache, no-store, max-age=0, must-revalidate", Pragma:"no-cache", Expires:"0", X-Frame-Options:"DENY"]
     Content type = application/json
             Body = {"accountId":2,"role":"ADMIN","userId":2,"token":"eyJhbGciOiJIUzI1NiJ9.eyJzdWIiOiJhZG1pbiIsImlhdCI6MTcyMjIyODQzMiwiZXhwIjoxNzIyMjMzNDMyfQ.E1mRrgxjt_GfhmP9Z4iDjtvDoMqlVFrrDrtfZoQI8JA","username":"admin"}
    Forwarded URL = null
   Redirected URL = null
          Cookies = []
]]></system-out>
  </testcase>
  <testcase name="testCreateAccount" classname="com.practice.project06.AccountApiControllerTest" time="0.49">
    <error message="Cannot invoke &quot;com.practice.project06.account.AccountDTO.getUser()&quot; because &quot;accountDTO&quot; is null" type="java.lang.NullPointerException"><![CDATA[java.lang.NullPointerException: Cannot invoke "com.practice.project06.account.AccountDTO.getUser()" because "accountDTO" is null
	at com.practice.project06.account.AccountService.createAccount(AccountService.java:45)
	at com.practice.project06.AccountApiControllerTest.testCreateAccount(AccountApiControllerTest.java:172)
	at java.base/java.lang.reflect.Method.invoke(Method.java:580)
	at java.base/java.util.ArrayList.forEach(ArrayList.java:1597)
	at java.base/java.util.ArrayList.forEach(ArrayList.java:1597)
]]></error>
    <system-out><![CDATA[
MockHttpServletRequest:
      HTTP Method = POST
      Request URI = /api/v1/auth/login
       Parameters = {}
          Headers = [Content-Type:"application/json;charset=UTF-8", Content-Length:"43"]
             Body = {"username":"admin", "password":"admin123"}
    Session Attrs = {}

Handler:
             Type = com.practice.project06.auth.AuthController
           Method = com.practice.project06.auth.AuthController#login(AuthRequest)

Async:
    Async started = false
     Async result = null

Resolved Exception:
             Type = null

ModelAndView:
        View name = null
             View = null
            Model = null

FlashMap:
       Attributes = null

MockHttpServletResponse:
           Status = 200
    Error message = null
          Headers = [Vary:"Origin", "Access-Control-Request-Method", "Access-Control-Request-Headers", Content-Type:"application/json", X-Content-Type-Options:"nosniff", X-XSS-Protection:"0", Cache-Control:"no-cache, no-store, max-age=0, must-revalidate", Pragma:"no-cache", Expires:"0", X-Frame-Options:"DENY"]
     Content type = application/json
             Body = {"accountId":2,"role":"ADMIN","userId":2,"token":"eyJhbGciOiJIUzI1NiJ9.eyJzdWIiOiJhZG1pbiIsImlhdCI6MTcyMjIyODQzMiwiZXhwIjoxNzIyMjMzNDMyfQ.E1mRrgxjt_GfhmP9Z4iDjtvDoMqlVFrrDrtfZoQI8JA","username":"admin"}
    Forwarded URL = null
   Redirected URL = null
          Cookies = []
]]></system-out>
  </testcase>
  <testcase name="testFindByAccountNumber" classname="com.practice.project06.AccountApiControllerTest" time="0.001">
    <error message="&#10;Misplaced or misused argument matcher detected here:&#10;&#10;-&gt; at com.practice.project06.AccountApiControllerTest.testCreateAccount(AccountApiControllerTest.java:172)&#10;&#10;You cannot use argument matchers outside of verification or stubbing.&#10;Examples of correct usage of argument matchers:&#10;    when(mock.get(anyInt())).thenReturn(null);&#10;    doThrow(new RuntimeException()).when(mock).someVoidMethod(any());&#10;    verify(mock).someMethod(contains(&quot;foo&quot;))&#10;&#10;This message may appear after an NullPointerException if the last matcher is returning an object &#10;like any() but the stubbed method signature expect a primitive argument, in this case,&#10;use primitive alternatives.&#10;    when(mock.get(any())); // bad use, will raise NPE&#10;    when(mock.get(anyInt())); // correct usage use&#10;&#10;Also, this error might show up because you use argument matchers with methods that cannot be mocked.&#10;Following methods *cannot* be stubbed/verified: final/private/equals()/hashCode().&#10;Mocking methods declared on non-public parent classes is not supported.&#10;" type="org.mockito.exceptions.misusing.InvalidUseOfMatchersException"><![CDATA[org.mockito.exceptions.misusing.InvalidUseOfMatchersException: 

Misplaced or misused argument matcher detected here:

-> at com.practice.project06.AccountApiControllerTest.testCreateAccount(AccountApiControllerTest.java:172)

You cannot use argument matchers outside of verification or stubbing.
Examples of correct usage of argument matchers:
    when(mock.get(anyInt())).thenReturn(null);
    doThrow(new RuntimeException()).when(mock).someVoidMethod(any());
    verify(mock).someMethod(contains("foo"))

This message may appear after an NullPointerException if the last matcher is returning an object 
like any() but the stubbed method signature expect a primitive argument, in this case,
use primitive alternatives.
    when(mock.get(any())); // bad use, will raise NPE
    when(mock.get(anyInt())); // correct usage use

Also, this error might show up because you use argument matchers with methods that cannot be mocked.
Following methods *cannot* be stubbed/verified: final/private/equals()/hashCode().
Mocking methods declared on non-public parent classes is not supported.

	at org.springframework.boot.test.mock.mockito.MockitoTestExecutionListener.initMocks(MockitoTestExecutionListener.java:88)
	at org.springframework.boot.test.mock.mockito.MockitoTestExecutionListener.prepareTestInstance(MockitoTestExecutionListener.java:62)
	at org.springframework.test.context.TestContextManager.prepareTestInstance(TestContextManager.java:260)
	at org.springframework.test.context.junit.jupiter.SpringExtension.postProcessTestInstance(SpringExtension.java:163)
	at java.base/java.util.stream.ReferencePipeline$3$1.accept(ReferencePipeline.java:212)
	at java.base/java.util.stream.ReferencePipeline$2$1.accept(ReferencePipeline.java:194)
	at java.base/java.util.ArrayList$ArrayListSpliterator.forEachRemaining(ArrayList.java:1709)
	at java.base/java.util.stream.AbstractPipeline.copyInto(AbstractPipeline.java:556)
	at java.base/java.util.stream.AbstractPipeline.wrapAndCopyInto(AbstractPipeline.java:546)
	at java.base/java.util.stream.StreamSpliterators$WrappingSpliterator.forEachRemaining(StreamSpliterators.java:310)
	at java.base/java.util.stream.Streams$ConcatSpliterator.forEachRemaining(Streams.java:735)
	at java.base/java.util.stream.Streams$ConcatSpliterator.forEachRemaining(Streams.java:734)
	at java.base/java.util.stream.ReferencePipeline$Head.forEach(ReferencePipeline.java:782)
	at java.base/java.util.Optional.orElseGet(Optional.java:364)
	at java.base/java.util.ArrayList.forEach(ArrayList.java:1597)
	at java.base/java.util.ArrayList.forEach(ArrayList.java:1597)
]]></error>
    <system-out><![CDATA[2024-07-29T09:47:12.921+05:00  WARN 12776 --- [project02] [           main] [                                                 ] o.s.test.context.TestContextManager      : Caught exception while allowing TestExecutionListener [org.springframework.boot.test.mock.mockito.MockitoTestExecutionListener] to prepare test instance [com.practice.project06.AccountApiControllerTest@10892581]

org.mockito.exceptions.misusing.InvalidUseOfMatchersException: 
Misplaced or misused argument matcher detected here:

-> at com.practice.project06.AccountApiControllerTest.testCreateAccount(AccountApiControllerTest.java:172)

You cannot use argument matchers outside of verification or stubbing.
Examples of correct usage of argument matchers:
    when(mock.get(anyInt())).thenReturn(null);
    doThrow(new RuntimeException()).when(mock).someVoidMethod(any());
    verify(mock).someMethod(contains("foo"))

This message may appear after an NullPointerException if the last matcher is returning an object 
like any() but the stubbed method signature expect a primitive argument, in this case,
use primitive alternatives.
    when(mock.get(any())); // bad use, will raise NPE
    when(mock.get(anyInt())); // correct usage use

Also, this error might show up because you use argument matchers with methods that cannot be mocked.
Following methods *cannot* be stubbed/verified: final/private/equals()/hashCode().
Mocking methods declared on non-public parent classes is not supported.

	at org.springframework.boot.test.mock.mockito.MockitoTestExecutionListener.initMocks(MockitoTestExecutionListener.java:88)
	at org.springframework.boot.test.mock.mockito.MockitoTestExecutionListener.prepareTestInstance(MockitoTestExecutionListener.java:62)
	at org.springframework.test.context.TestContextManager.prepareTestInstance(TestContextManager.java:260)
	at org.springframework.test.context.junit.jupiter.SpringExtension.postProcessTestInstance(SpringExtension.java:163)
	at org.junit.jupiter.engine.descriptor.ClassBasedTestDescriptor.lambda$invokeTestInstancePostProcessors$10(ClassBasedTestDescriptor.java:378)
	at org.junit.jupiter.engine.descriptor.ClassBasedTestDescriptor.executeAndMaskThrowable(ClassBasedTestDescriptor.java:383)
	at org.junit.jupiter.engine.descriptor.ClassBasedTestDescriptor.lambda$invokeTestInstancePostProcessors$11(ClassBasedTestDescriptor.java:378)
	at java.base/java.util.stream.ReferencePipeline$3$1.accept(ReferencePipeline.java:212)
	at java.base/java.util.stream.ReferencePipeline$2$1.accept(ReferencePipeline.java:194)
	at java.base/java.util.ArrayList$ArrayListSpliterator.forEachRemaining(ArrayList.java:1709)
	at java.base/java.util.stream.AbstractPipeline.copyInto(AbstractPipeline.java:556)
	at java.base/java.util.stream.AbstractPipeline.wrapAndCopyInto(AbstractPipeline.java:546)
	at java.base/java.util.stream.StreamSpliterators$WrappingSpliterator.forEachRemaining(StreamSpliterators.java:310)
	at java.base/java.util.stream.Streams$ConcatSpliterator.forEachRemaining(Streams.java:735)
	at java.base/java.util.stream.Streams$ConcatSpliterator.forEachRemaining(Streams.java:734)
	at java.base/java.util.stream.ReferencePipeline$Head.forEach(ReferencePipeline.java:782)
	at org.junit.jupiter.engine.descriptor.ClassBasedTestDescriptor.invokeTestInstancePostProcessors(ClassBasedTestDescriptor.java:377)
	at org.junit.jupiter.engine.descriptor.ClassBasedTestDescriptor.lambda$instantiateAndPostProcessTestInstance$6(ClassBasedTestDescriptor.java:290)
	at org.junit.platform.engine.support.hierarchical.ThrowableCollector.execute(ThrowableCollector.java:73)
	at org.junit.jupiter.engine.descriptor.ClassBasedTestDescriptor.instantiateAndPostProcessTestInstance(ClassBasedTestDescriptor.java:289)
	at org.junit.jupiter.engine.descriptor.ClassBasedTestDescriptor.lambda$testInstancesProvider$4(ClassBasedTestDescriptor.java:279)
	at java.base/java.util.Optional.orElseGet(Optional.java:364)
	at org.junit.jupiter.engine.descriptor.ClassBasedTestDescriptor.lambda$testInstancesProvider$5(ClassBasedTestDescriptor.java:278)
	at org.junit.jupiter.engine.execution.TestInstancesProvider.getTestInstances(TestInstancesProvider.java:31)
	at org.junit.jupiter.engine.descriptor.TestMethodTestDescriptor.lambda$prepare$0(TestMethodTestDescriptor.java:106)
	at org.junit.platform.engine.support.hierarchical.ThrowableCollector.execute(ThrowableCollector.java:73)
	at org.junit.jupiter.engine.descriptor.TestMethodTestDescriptor.prepare(TestMethodTestDescriptor.java:105)
	at org.junit.jupiter.engine.descriptor.TestMethodTestDescriptor.prepare(TestMethodTestDescriptor.java:69)
	at org.junit.platform.engine.support.hierarchical.NodeTestTask.lambda$prepare$2(NodeTestTask.java:123)
	at org.junit.platform.engine.support.hierarchical.ThrowableCollector.execute(ThrowableCollector.java:73)
	at org.junit.platform.engine.support.hierarchical.NodeTestTask.prepare(NodeTestTask.java:123)
	at org.junit.platform.engine.support.hierarchical.NodeTestTask.execute(NodeTestTask.java:90)
	at java.base/java.util.ArrayList.forEach(ArrayList.java:1597)
	at org.junit.platform.engine.support.hierarchical.SameThreadHierarchicalTestExecutorService.invokeAll(SameThreadHierarchicalTestExecutorService.java:41)
	at org.junit.platform.engine.support.hierarchical.NodeTestTask.lambda$executeRecursively$6(NodeTestTask.java:155)
	at org.junit.platform.engine.support.hierarchical.ThrowableCollector.execute(ThrowableCollector.java:73)
	at org.junit.platform.engine.support.hierarchical.NodeTestTask.lambda$executeRecursively$8(NodeTestTask.java:141)
	at org.junit.platform.engine.support.hierarchical.Node.around(Node.java:137)
	at org.junit.platform.engine.support.hierarchical.NodeTestTask.lambda$executeRecursively$9(NodeTestTask.java:139)
	at org.junit.platform.engine.support.hierarchical.ThrowableCollector.execute(ThrowableCollector.java:73)
	at org.junit.platform.engine.support.hierarchical.NodeTestTask.executeRecursively(NodeTestTask.java:138)
	at org.junit.platform.engine.support.hierarchical.NodeTestTask.execute(NodeTestTask.java:95)
	at java.base/java.util.ArrayList.forEach(ArrayList.java:1597)
	at org.junit.platform.engine.support.hierarchical.SameThreadHierarchicalTestExecutorService.invokeAll(SameThreadHierarchicalTestExecutorService.java:41)
	at org.junit.platform.engine.support.hierarchical.NodeTestTask.lambda$executeRecursively$6(NodeTestTask.java:155)
	at org.junit.platform.engine.support.hierarchical.ThrowableCollector.execute(ThrowableCollector.java:73)
	at org.junit.platform.engine.support.hierarchical.NodeTestTask.lambda$executeRecursively$8(NodeTestTask.java:141)
	at org.junit.platform.engine.support.hierarchical.Node.around(Node.java:137)
	at org.junit.platform.engine.support.hierarchical.NodeTestTask.lambda$executeRecursively$9(NodeTestTask.java:139)
	at org.junit.platform.engine.support.hierarchical.ThrowableCollector.execute(ThrowableCollector.java:73)
	at org.junit.platform.engine.support.hierarchical.NodeTestTask.executeRecursively(NodeTestTask.java:138)
	at org.junit.platform.engine.support.hierarchical.NodeTestTask.execute(NodeTestTask.java:95)
	at org.junit.platform.engine.support.hierarchical.SameThreadHierarchicalTestExecutorService.submit(SameThreadHierarchicalTestExecutorService.java:35)
	at org.junit.platform.engine.support.hierarchical.HierarchicalTestExecutor.execute(HierarchicalTestExecutor.java:57)
	at org.junit.platform.engine.support.hierarchical.HierarchicalTestEngine.execute(HierarchicalTestEngine.java:54)
	at org.junit.platform.launcher.core.EngineExecutionOrchestrator.execute(EngineExecutionOrchestrator.java:198)
	at org.junit.platform.launcher.core.EngineExecutionOrchestrator.execute(EngineExecutionOrchestrator.java:169)
	at org.junit.platform.launcher.core.EngineExecutionOrchestrator.execute(EngineExecutionOrchestrator.java:93)
	at org.junit.platform.launcher.core.EngineExecutionOrchestrator.lambda$execute$0(EngineExecutionOrchestrator.java:58)
	at org.junit.platform.launcher.core.EngineExecutionOrchestrator.withInterceptedStreams(EngineExecutionOrchestrator.java:141)
	at org.junit.platform.launcher.core.EngineExecutionOrchestrator.execute(EngineExecutionOrchestrator.java:57)
	at org.junit.platform.launcher.core.DefaultLauncher.execute(DefaultLauncher.java:103)
	at org.junit.platform.launcher.core.DefaultLauncher.execute(DefaultLauncher.java:85)
	at org.junit.platform.launcher.core.DelegatingLauncher.execute(DelegatingLauncher.java:47)
	at org.apache.maven.surefire.junitplatform.LazyLauncher.execute(LazyLauncher.java:56)
	at org.apache.maven.surefire.junitplatform.JUnitPlatformProvider.execute(JUnitPlatformProvider.java:184)
	at org.apache.maven.surefire.junitplatform.JUnitPlatformProvider.invokeAllTests(JUnitPlatformProvider.java:148)
	at org.apache.maven.surefire.junitplatform.JUnitPlatformProvider.invoke(JUnitPlatformProvider.java:122)
	at org.apache.maven.surefire.booter.ForkedBooter.runSuitesInProcess(ForkedBooter.java:385)
	at org.apache.maven.surefire.booter.ForkedBooter.execute(ForkedBooter.java:162)
	at org.apache.maven.surefire.booter.ForkedBooter.run(ForkedBooter.java:507)
	at org.apache.maven.surefire.booter.ForkedBooter.main(ForkedBooter.java:495)

2024-07-29T09:47:12.921+05:00  WARN 12776 --- [project02] [           main] [                                                 ] o.s.test.context.TestContextManager      : Caught exception while allowing TestExecutionListener [org.springframework.boot.test.mock.mockito.MockitoTestExecutionListener] to prepare test instance [com.practice.project06.AccountApiControllerTest@10892581]

org.mockito.exceptions.misusing.InvalidUseOfMatchersException: 
Misplaced or misused argument matcher detected here:

-> at com.practice.project06.AccountApiControllerTest.testCreateAccount(AccountApiControllerTest.java:172)

You cannot use argument matchers outside of verification or stubbing.
Examples of correct usage of argument matchers:
    when(mock.get(anyInt())).thenReturn(null);
    doThrow(new RuntimeException()).when(mock).someVoidMethod(any());
    verify(mock).someMethod(contains("foo"))

This message may appear after an NullPointerException if the last matcher is returning an object 
like any() but the stubbed method signature expect a primitive argument, in this case,
use primitive alternatives.
    when(mock.get(any())); // bad use, will raise NPE
    when(mock.get(anyInt())); // correct usage use

Also, this error might show up because you use argument matchers with methods that cannot be mocked.
Following methods *cannot* be stubbed/verified: final/private/equals()/hashCode().
Mocking methods declared on non-public parent classes is not supported.

	at org.springframework.boot.test.mock.mockito.MockitoTestExecutionListener.initMocks(MockitoTestExecutionListener.java:88)
[...]
	at org.springframework.security.web.ObservationFilterChainDecorator$ObservationFilter.doFilter(ObservationFilterChainDecorator.java:227)
	at org.springframework.security.web.ObservationFilterChainDecorator$VirtualFilterChain.doFilter(ObservationFilterChainDecorator.java:137)
	at org.springframework.security.web.header.HeaderWriterFilter.doHeadersAfter(HeaderWriterFilter.java:90)
	at org.springframework.security.web.header.HeaderWriterFilter.doFilterInternal(HeaderWriterFilter.java:75)
	at org.springframework.web.filter.OncePerRequestFilter.doFilter(OncePerRequestFilter.java:116)
	at org.springframework.security.web.ObservationFilterChainDecorator$ObservationFilter.wrapFilter(ObservationFilterChainDecorator.java:240)
	at org.springframework.security.web.ObservationFilterChainDecorator$ObservationFilter.doFilter(ObservationFilterChainDecorator.java:227)
	at org.springframework.security.web.ObservationFilterChainDecorator$VirtualFilterChain.doFilter(ObservationFilterChainDecorator.java:137)
	at org.springframework.security.web.context.SecurityContextHolderFilter.doFilter(SecurityContextHolderFilter.java:82)
	at org.springframework.security.web.context.SecurityContextHolderFilter.doFilter(SecurityContextHolderFilter.java:69)
	at org.springframework.security.web.ObservationFilterChainDecorator$ObservationFilter.wrapFilter(ObservationFilterChainDecorator.java:240)
	at org.springframework.security.web.ObservationFilterChainDecorator$ObservationFilter.doFilter(ObservationFilterChainDecorator.java:227)
	at org.springframework.security.web.ObservationFilterChainDecorator$VirtualFilterChain.doFilter(ObservationFilterChainDecorator.java:137)
	at org.springframework.security.web.context.request.async.WebAsyncManagerIntegrationFilter.doFilterInternal(WebAsyncManagerIntegrationFilter.java:62)
	at org.springframework.web.filter.OncePerRequestFilter.doFilter(OncePerRequestFilter.java:116)
	at org.springframework.security.web.ObservationFilterChainDecorator$ObservationFilter.wrapFilter(ObservationFilterChainDecorator.java:240)
	at org.springframework.security.web.ObservationFilterChainDecorator$ObservationFilter.doFilter(ObservationFilterChainDecorator.java:227)
	at org.springframework.security.web.ObservationFilterChainDecorator$VirtualFilterChain.doFilter(ObservationFilterChainDecorator.java:137)
	at org.springframework.security.web.session.DisableEncodeUrlFilter.doFilterInternal(DisableEncodeUrlFilter.java:42)
	at org.springframework.web.filter.OncePerRequestFilter.doFilter(OncePerRequestFilter.java:116)
	at org.springframework.security.web.ObservationFilterChainDecorator$ObservationFilter.wrapFilter(ObservationFilterChainDecorator.java:240)
	at org.springframework.security.web.ObservationFilterChainDecorator$AroundFilterObservation$SimpleAroundFilterObservation.lambda$wrap$0(ObservationFilterChainDecorator.java:323)
	at org.springframework.security.web.ObservationFilterChainDecorator$ObservationFilter.doFilter(ObservationFilterChainDecorator.java:224)
	at org.springframework.security.web.ObservationFilterChainDecorator$VirtualFilterChain.doFilter(ObservationFilterChainDecorator.java:137)
	at org.springframework.security.web.FilterChainProxy.doFilterInternal(FilterChainProxy.java:233)
	at org.springframework.security.web.FilterChainProxy.doFilter(FilterChainProxy.java:191)
	at org.springframework.web.filter.CompositeFilter$VirtualFilterChain.doFilter(CompositeFilter.java:113)
	at org.springframework.web.servlet.handler.HandlerMappingIntrospector.lambda$createCacheFilter$3(HandlerMappingIntrospector.java:195)
	at org.springframework.web.filter.CompositeFilter$VirtualFilterChain.doFilter(CompositeFilter.java:113)
	at org.springframework.web.filter.CompositeFilter.doFilter(CompositeFilter.java:74)
	at org.springframework.security.config.annotation.web.configuration.WebMvcSecurityConfiguration$CompositeFilterChainProxy.doFilter(WebMvcSecurityConfiguration.java:230)
	at org.springframework.web.filter.DelegatingFilterProxy.invokeDelegate(DelegatingFilterProxy.java:352)
	at org.springframework.web.filter.DelegatingFilterProxy.doFilter(DelegatingFilterProxy.java:268)
	at org.springframework.test.web.servlet.setup.MockMvcFilterDecorator.doFilter(MockMvcFilterDecorator.java:151)
	at org.springframework.mock.web.MockFilterChain.doFilter(MockFilterChain.java:132)
	at org.springframework.web.filter.RequestContextFilter.doFilterInternal(RequestContextFilter.java:100)
	at org.springframework.web.filter.OncePerRequestFilter.doFilter(OncePerRequestFilter.java:116)
	at org.springframework.test.web.servlet.setup.MockMvcFilterDecorator.doFilter(MockMvcFilterDecorator.java:151)
	at org.springframework.mock.web.MockFilterChain.doFilter(MockFilterChain.java:132)
	at org.springframework.web.filter.FormContentFilter.doFilterInternal(FormContentFilter.java:93)
	at org.springframework.web.filter.OncePerRequestFilter.doFilter(OncePerRequestFilter.java:116)
	at org.springframework.test.web.servlet.setup.MockMvcFilterDecorator.doFilter(MockMvcFilterDecorator.java:151)
	at org.springframework.mock.web.MockFilterChain.doFilter(MockFilterChain.java:132)
	at org.springframework.web.filter.ServerHttpObservationFilter.doFilterInternal(ServerHttpObservationFilter.java:107)
	at org.springframework.web.filter.OncePerRequestFilter.doFilter(OncePerRequestFilter.java:116)
	at org.springframework.test.web.servlet.setup.MockMvcFilterDecorator.doFilter(MockMvcFilterDecorator.java:151)
	at org.springframework.mock.web.MockFilterChain.doFilter(MockFilterChain.java:132)
	at org.springframework.web.filter.CharacterEncodingFilter.doFilterInternal(CharacterEncodingFilter.java:201)
	at org.springframework.web.filter.OncePerRequestFilter.doFilter(OncePerRequestFilter.java:116)
	at org.springframework.test.web.servlet.setup.MockMvcFilterDecorator.doFilter(MockMvcFilterDecorator.java:151)
	at org.springframework.mock.web.MockFilterChain.doFilter(MockFilterChain.java:132)
	at org.springframework.test.web.servlet.MockMvc.perform(MockMvc.java:201)
	at com.practice.project06.AccountApiControllerTest.testUpdateAccount(AccountApiControllerTest.java:194)
	at java.base/java.lang.reflect.Method.invoke(Method.java:580)
	at java.base/java.util.ArrayList.forEach(ArrayList.java:1597)
	at java.base/java.util.ArrayList.forEach(ArrayList.java:1597)
Caused by: org.springframework.dao.DataIntegrityViolationException: could not execute statement [Unique index or primary key violation: "PUBLIC.CONSTRAINT_INDEX_AF ON PUBLIC.ACCOUNTS(ACCOUNT_NUMBER NULLS FIRST) VALUES ( /* 2 */ '123456' )"; SQL statement:
update accounts set account_number=?,account_type=?,userid=? where accountid=? [23505-224]] [update accounts set account_number=?,account_type=?,userid=? where accountid=?]; SQL [update accounts set account_number=?,account_type=?,userid=? where accountid=?]; constraint [PUBLIC.CONSTRAINT_INDEX_AF]
	at org.springframework.orm.jpa.vendor.HibernateJpaDialect.convertHibernateAccessException(HibernateJpaDialect.java:290)
	at org.springframework.orm.jpa.vendor.HibernateJpaDialect.translateExceptionIfPossible(HibernateJpaDialect.java:241)
	at org.springframework.orm.jpa.JpaTransactionManager.doCommit(JpaTransactionManager.java:566)
	at org.springframework.transaction.support.AbstractPlatformTransactionManager.processCommit(AbstractPlatformTransactionManager.java:795)
	at org.springframework.transaction.support.AbstractPlatformTransactionManager.commit(AbstractPlatformTransactionManager.java:758)
	at org.springframework.transaction.interceptor.TransactionAspectSupport.commitTransactionAfterReturning(TransactionAspectSupport.java:676)
	at org.springframework.transaction.interceptor.TransactionAspectSupport.invokeWithinTransaction(TransactionAspectSupport.java:426)
	at org.springframework.transaction.interceptor.TransactionInterceptor.invoke(TransactionInterceptor.java:119)
	at org.springframework.aop.framework.ReflectiveMethodInvocation.proceed(ReflectiveMethodInvocation.java:184)
	at org.springframework.dao.support.PersistenceExceptionTranslationInterceptor.invoke(PersistenceExceptionTranslationInterceptor.java:138)
	at org.springframework.aop.framework.ReflectiveMethodInvocation.proceed(ReflectiveMethodInvocation.java:184)
	at org.springframework.data.jpa.repository.support.CrudMethodMetadataPostProcessor$CrudMethodMetadataPopulatingMethodInterceptor.invoke(CrudMethodMetadataPostProcessor.java:165)
	at org.springframework.aop.framework.ReflectiveMethodInvocation.proceed(ReflectiveMethodInvocation.java:184)
	at org.springframework.aop.interceptor.ExposeInvocationInterceptor.invoke(ExposeInvocationInterceptor.java:97)
	at org.springframework.aop.framework.ReflectiveMethodInvocation.proceed(ReflectiveMethodInvocation.java:184)
	at org.springframework.aop.framework.JdkDynamicAopProxy.invoke(JdkDynamicAopProxy.java:223)
	at jdk.proxy2/jdk.proxy2.$Proxy170.save(Unknown Source)
	at com.practice.project06.account.AccountService.updateAccount(AccountService.java:84)
	at com.practice.project06.account.AccountController.updateAccount(AccountController.java:41)
	at java.base/jdk.internal.reflect.DirectMethodHandleAccessor.invoke(DirectMethodHandleAccessor.java:103)
	at java.base/java.lang.reflect.Method.invoke(Method.java:580)
	at org.springframework.web.method.support.InvocableHandlerMethod.doInvoke(InvocableHandlerMethod.java:255)
	at org.springframework.web.method.support.InvocableHandlerMethod.invokeForRequest(InvocableHandlerMethod.java:188)
	at org.springframework.web.servlet.mvc.method.annotation.ServletInvocableHandlerMethod.invokeAndHandle(ServletInvocableHandlerMethod.java:118)
	at org.springframework.web.servlet.mvc.method.annotation.RequestMappingHandlerAdapter.invokeHandlerMethod(RequestMappingHandlerAdapter.java:926)
	at org.springframework.web.servlet.mvc.method.annotation.RequestMappingHandlerAdapter.handleInternal(RequestMappingHandlerAdapter.java:831)
	at org.springframework.web.servlet.mvc.method.AbstractHandlerMethodAdapter.handle(AbstractHandlerMethodAdapter.java:87)
	at org.springframework.web.servlet.DispatcherServlet.doDispatch(DispatcherServlet.java:1089)
	at org.springframework.web.servlet.DispatcherServlet.doService(DispatcherServlet.java:979)
	at org.springframework.web.servlet.FrameworkServlet.processRequest(FrameworkServlet.java:1014)
	... 111 more
Caused by: org.hibernate.exception.ConstraintViolationException: could not execute statement [Unique index or primary key violation: "PUBLIC.CONSTRAINT_INDEX_AF ON PUBLIC.ACCOUNTS(ACCOUNT_NUMBER NULLS FIRST) VALUES ( /* 2 */ '123456' )"; SQL statement:
update accounts set account_number=?,account_type=?,userid=? where accountid=? [23505-224]] [update accounts set account_number=?,account_type=?,userid=? where accountid=?]
	at org.hibernate.dialect.H2Dialect.lambda$buildSQLExceptionConversionDelegate$3(H2Dialect.java:746)
	at org.hibernate.exception.internal.StandardSQLExceptionConverter.convert(StandardSQLExceptionConverter.java:58)
	at org.hibernate.engine.jdbc.spi.SqlExceptionHelper.convert(SqlExceptionHelper.java:108)
	at org.hibernate.engine.jdbc.internal.ResultSetReturnImpl.executeUpdate(ResultSetReturnImpl.java:197)
	at org.hibernate.engine.jdbc.mutation.internal.AbstractMutationExecutor.performNonBatchedMutation(AbstractMutationExecutor.java:134)
	at org.hibernate.engine.jdbc.mutation.internal.MutationExecutorSingleNonBatched.performNonBatchedOperations(MutationExecutorSingleNonBatched.java:55)
	at org.hibernate.engine.jdbc.mutation.internal.AbstractMutationExecutor.execute(AbstractMutationExecutor.java:55)
	at org.hibernate.persister.entity.mutation.UpdateCoordinatorStandard.doStaticUpdate(UpdateCoordinatorStandard.java:781)
	at org.hibernate.persister.entity.mutation.UpdateCoordinatorStandard.performUpdate(UpdateCoordinatorStandard.java:328)
	at org.hibernate.persister.entity.mutation.UpdateCoordinatorStandard.update(UpdateCoordinatorStandard.java:245)
	at org.hibernate.action.internal.EntityUpdateAction.execute(EntityUpdateAction.java:169)
	at org.hibernate.engine.spi.ActionQueue.executeActions(ActionQueue.java:632)
	at org.hibernate.engine.spi.ActionQueue.executeActions(ActionQueue.java:499)
	at org.hibernate.event.internal.AbstractFlushingEventListener.performExecutions(AbstractFlushingEventListener.java:371)
	at org.hibernate.event.internal.DefaultFlushEventListener.onFlush(DefaultFlushEventListener.java:41)
	at org.hibernate.event.service.internal.EventListenerGroupImpl.fireEventOnEachListener(EventListenerGroupImpl.java:127)
	at org.hibernate.internal.SessionImpl.doFlush(SessionImpl.java:1425)
	at org.hibernate.internal.SessionImpl.managedFlush(SessionImpl.java:487)
	at org.hibernate.internal.SessionImpl.flushBeforeTransactionCompletion(SessionImpl.java:2324)
	at org.hibernate.internal.SessionImpl.beforeTransactionCompletion(SessionImpl.java:1981)
	at org.hibernate.engine.jdbc.internal.JdbcCoordinatorImpl.beforeTransactionCompletion(JdbcCoordinatorImpl.java:439)
	at org.hibernate.resource.transaction.backend.jdbc.internal.JdbcResourceLocalTransactionCoordinatorImpl.beforeCompletionCallback(JdbcResourceLocalTransactionCoordinatorImpl.java:169)
	at org.hibernate.resource.transaction.backend.jdbc.internal.JdbcResourceLocalTransactionCoordinatorImpl$TransactionDriverControlImpl.commit(JdbcResourceLocalTransactionCoordinatorImpl.java:267)
	at org.hibernate.engine.transaction.internal.TransactionImpl.commit(TransactionImpl.java:101)
	at org.springframework.orm.jpa.JpaTransactionManager.doCommit(JpaTransactionManager.java:562)
	... 138 more
Caused by: org.h2.jdbc.JdbcSQLIntegrityConstraintViolationException: Unique index or primary key violation: "PUBLIC.CONSTRAINT_INDEX_AF ON PUBLIC.ACCOUNTS(ACCOUNT_NUMBER NULLS FIRST) VALUES ( /* 2 */ '123456' )"; SQL statement:
update accounts set account_number=?,account_type=?,userid=? where accountid=? [23505-224]
	at org.h2.message.DbException.getJdbcSQLException(DbException.java:520)
	at org.h2.message.DbException.getJdbcSQLException(DbException.java:489)
	at org.h2.message.DbException.get(DbException.java:223)
	at org.h2.message.DbException.get(DbException.java:199)
	at org.h2.index.Index.getDuplicateKeyException(Index.java:527)
	at org.h2.mvstore.db.MVSecondaryIndex.checkUnique(MVSecondaryIndex.java:223)
	at org.h2.mvstore.db.MVSecondaryIndex.add(MVSecondaryIndex.java:184)
	at org.h2.mvstore.db.MVTable.addRow(MVTable.java:519)
	at org.h2.table.Table.updateRows(Table.java:571)
	at org.h2.command.dml.Update.doUpdate(Update.java:103)
	at org.h2.command.dml.Update.update(Update.java:87)
	at org.h2.command.dml.DataChangeStatement.update(DataChangeStatement.java:74)
	at org.h2.command.CommandContainer.update(CommandContainer.java:169)
	at org.h2.command.Command.executeUpdate(Command.java:256)
	at org.h2.jdbc.JdbcPreparedStatement.executeUpdateInternal(JdbcPreparedStatement.java:216)
	at org.h2.jdbc.JdbcPreparedStatement.executeUpdate(JdbcPreparedStatement.java:174)
	at com.zaxxer.hikari.pool.ProxyPreparedStatement.executeUpdate(ProxyPreparedStatement.java:61)
	at com.zaxxer.hikari.pool.HikariProxyPreparedStatement.executeUpdate(HikariProxyPreparedStatement.java)
	at org.hibernate.engine.jdbc.internal.ResultSetReturnImpl.executeUpdate(ResultSetReturnImpl.java:194)
	... 159 more
]]></error>
    <system-out><![CDATA[2024-07-29T09:47:13.633+05:00  WARN 12776 --- [project02] [           main] [66a71ed15eb2cce2a28de5efb2b0f1ee-0642ae8b152c1299] o.h.engine.jdbc.spi.SqlExceptionHelper   : SQL Error: 23505, SQLState: 23505
2024-07-29T09:47:13.633+05:00  WARN 12776 --- [project02] [           main] [66a71ed15eb2cce2a28de5efb2b0f1ee-0642ae8b152c1299] o.h.engine.jdbc.spi.SqlExceptionHelper   : SQL Error: 23505, SQLState: 23505
2024-07-29T09:47:13.634+05:00 ERROR 12776 --- [project02] [           main] [66a71ed15eb2cce2a28de5efb2b0f1ee-0642ae8b152c1299] o.h.engine.jdbc.spi.SqlExceptionHelper   : Unique index or primary key violation: "PUBLIC.CONSTRAINT_INDEX_AF ON PUBLIC.ACCOUNTS(ACCOUNT_NUMBER NULLS FIRST) VALUES ( /* 2 */ '123456' )"; SQL statement:
update accounts set account_number=?,account_type=?,userid=? where accountid=? [23505-224]
2024-07-29T09:47:13.634+05:00 ERROR 12776 --- [project02] [           main] [66a71ed15eb2cce2a28de5efb2b0f1ee-0642ae8b152c1299] o.h.engine.jdbc.spi.SqlExceptionHelper   : Unique index or primary key violation: "PUBLIC.CONSTRAINT_INDEX_AF ON PUBLIC.ACCOUNTS(ACCOUNT_NUMBER NULLS FIRST) VALUES ( /* 2 */ '123456' )"; SQL statement:
update accounts set account_number=?,account_type=?,userid=? where accountid=? [23505-224]

MockHttpServletRequest:
      HTTP Method = POST
      Request URI = /api/v1/auth/login
       Parameters = {}
          Headers = [Content-Type:"application/json;charset=UTF-8", Content-Length:"43"]
             Body = {"username":"admin", "password":"admin123"}
    Session Attrs = {}

Handler:
             Type = com.practice.project06.auth.AuthController
           Method = com.practice.project06.auth.AuthController#login(AuthRequest)

Async:
    Async started = false
     Async result = null

Resolved Exception:
             Type = null

ModelAndView:
        View name = null
             View = null
            Model = null

FlashMap:
       Attributes = null

MockHttpServletResponse:
           Status = 200
    Error message = null
          Headers = [Vary:"Origin", "Access-Control-Request-Method", "Access-Control-Request-Headers", Content-Type:"application/json", X-Content-Type-Options:"nosniff", X-XSS-Protection:"0", Cache-Control:"no-cache, no-store, max-age=0, must-revalidate", Pragma:"no-cache", Expires:"0", X-Frame-Options:"DENY"]
     Content type = application/json
             Body = {"accountId":2,"role":"ADMIN","userId":2,"token":"eyJhbGciOiJIUzI1NiJ9.eyJzdWIiOiJhZG1pbiIsImlhdCI6MTcyMjIyODQzMywiZXhwIjoxNzIyMjMzNDMzfQ.4MhHEP8rq8JVj4hW7sOGsIzC2sSs6jf_AunMXizWKPI","username":"admin"}
    Forwarded URL = null
   Redirected URL = null
          Cookies = []
]]></system-out>
  </testcase>
  <testcase name="testGetAccountById_Success" classname="com.practice.project06.AccountApiControllerTest" time="0.504">
    <system-out><![CDATA[
MockHttpServletRequest:
      HTTP Method = GET
      Request URI = /api/v1/accounts/1
       Parameters = {}
          Headers = [Content-Type:"application/json;charset=UTF-8", Authorization:"Bearer eyJhbGciOiJIUzI1NiJ9.eyJzdWIiOiJhZG1pbiIsImlhdCI6MTcyMjIyODQzNCwiZXhwIjoxNzIyMjMzNDM0fQ.5F8ow-ipNROdpjqJy0Ll726yLpp16c6dCHejHXFiQOM"]
             Body = null
    Session Attrs = {}

Handler:
             Type = com.practice.project06.account.AccountController
           Method = com.practice.project06.account.AccountController#getAccountById(Long)

Async:
    Async started = false
     Async result = null

Resolved Exception:
             Type = null

ModelAndView:
        View name = null
             View = null
            Model = null

FlashMap:
       Attributes = null

MockHttpServletResponse:
           Status = 200
    Error message = null
          Headers = [Vary:"Origin", "Access-Control-Request-Method", "Access-Control-Request-Headers", Content-Type:"application/json", X-Content-Type-Options:"nosniff", X-XSS-Protection:"0", Cache-Control:"no-cache, no-store, max-age=0, must-revalidate", Pragma:"no-cache", Expires:"0", X-Frame-Options:"DENY"]
     Content type = application/json
             Body = {"accountID":1,"user":{"userID":1,"username":"abc","password":"$2a$12$diheMtyeAeA8iBeVx.prq.jeVWuRWrtmlnAwcS7bbLbEJp/EtulPW","role":"USER","email":"admin@gmail.com","address":"123 Street Lahore"},"accountNumber":"12345","accountType":"SAVINGS"}
    Forwarded URL = null
   Redirected URL = null
          Cookies = []
]]></system-out>
  </testcase>
  <testcase name="testFindByUser_Username" classname="com.practice.project06.AccountApiControllerTest" time="0.502"/>
  <testcase name="testFindByUser_UserID" classname="com.practice.project06.AccountApiControllerTest" time="0.448"/>
</testsuite>