-------------------------------------------------------------------------------
Test set: com.practice.project06.TransactionApiControllerTest
-------------------------------------------------------------------------------
Tests run: 5, Failures: 1, Errors: 1, Skipped: 0, Time elapsed: 1.734 s <<< FAILURE! -- in com.practice.project06.TransactionApiControllerTest
com.practice.project06.TransactionApiControllerTest.testCreateTransaction_InsufficientBalance -- Time elapsed: 0.344 s <<< FAILURE!
java.lang.AssertionError: JSON path "$.message" expected:<Low balance> but was:<Invalid receiver account number>
	at org.springframework.test.util.AssertionErrors.fail(AssertionErrors.java:59)
	at org.springframework.test.util.AssertionErrors.assertEquals(AssertionErrors.java:122)
	at org.springframework.test.util.JsonPathExpectationsHelper.assertValue(JsonPathExpectationsHelper.java:123)
	at org.springframework.test.web.servlet.result.JsonPathResultMatchers.lambda$value$2(JsonPathResultMatchers.java:111)
	at org.springframework.test.web.servlet.MockMvc$1.andExpect(MockMvc.java:214)
	at com.practice.project06.TransactionApiControllerTest.testCreateTransaction_InsufficientBalance(TransactionApiControllerTest.java:166)
	at java.base/java.lang.reflect.Method.invoke(Method.java:580)
	at java.base/java.util.ArrayList.forEach(ArrayList.java:1597)
	at java.base/java.util.ArrayList.forEach(ArrayList.java:1597)

com.practice.project06.TransactionApiControllerTest.testCreateTransaction_InvalidFromAccount -- Time elapsed: 0.312 s <<< ERROR!
org.mockito.exceptions.misusing.UnfinishedStubbingException: 

Unfinished stubbing detected here:
-> at com.practice.project06.BalanceApiControllerTest.testGetBalanceByAccountId_Success(BalanceApiControllerTest.java:117)

E.g. thenReturn() may be missing.
Examples of correct stubbing:
    when(mock.isOk()).thenReturn(true);
    when(mock.isOk()).thenThrow(exception);
    doThrow(exception).when(mock).someVoidMethod();
Hints:
 1. missing thenReturn()
 2. you are trying to stub a final method, which is not supported
 3. you are stubbing the behaviour of another mock inside before 'thenReturn' instruction is completed

	at com.practice.project06.TransactionApiControllerTest.testCreateTransaction_InvalidFromAccount(TransactionApiControllerTest.java:120)
	at java.base/java.lang.reflect.Method.invoke(Method.java:580)
	at java.base/java.util.ArrayList.forEach(ArrayList.java:1597)
	at java.base/java.util.ArrayList.forEach(ArrayList.java:1597)

