<?xml version="1.0" encoding="UTF-8"?>
<testsuite xmlns:xsi="http://www.w3.org/2001/XMLSchema-instance" xsi:noNamespaceSchemaLocation="https://maven.apache.org/surefire/maven-surefire-plugin/xsd/surefire-test-report-3.0.xsd" version="3.0" name="com.practice.project02.Project03ApplicationTests" time="13.832" tests="1" errors="0" skipped="0" failures="0">
  <properties>
[...]
</properties>
  <testcase name="contextLoads" classname="com.practice.project02.Project03ApplicationTests" time="0.928">
    <system-out><![CDATA[14:13:51.050 [main] INFO org.springframework.test.context.support.AnnotationConfigContextLoaderUtils -- Could not detect default configuration classes for test class [com.practice.project02.Project03ApplicationTests]: Project03ApplicationTests does not declare any static, non-private, non-final, nested classes annotated with @Configuration.
14:13:51.255 [main] INFO org.springframework.boot.test.context.SpringBootTestContextBootstrapper -- Found @SpringBootConfiguration com.practice.project02.Project03Application for test class com.practice.project02.Project03ApplicationTests

  .   ____          _            __ _ _
 /\\ / ___'_ __ _ _(_)_ __  __ _ \ \ \ \
( ( )\___ | '_ | '_| | '_ \/ _` | \ \ \ \
 \\/  ___)| |_)| | | | | || (_| |  ) ) ) )
  '  |____| .__|_| |_|_| |_\__, | / / / /
 =========|_|==============|___/=/_/_/_/

 :: Spring Boot ::                (v3.3.1)

2024-07-10T14:13:52.705+05:00  INFO 6036 --- [project02] [           main] c.p.project02.Project03ApplicationTests  : Starting Project03ApplicationTests using Java 22.0.1 with PID 6036 (started by ahmad.irtza in C:\Users\ahmad.irtza\Downloads\project04)
2024-07-10T14:13:52.705+05:00  INFO 6036 --- [project02] [           main] c.p.project02.Project03ApplicationTests  : Starting Project03ApplicationTests using Java 22.0.1 with PID 6036 (started by ahmad.irtza in C:\Users\ahmad.irtza\Downloads\project04)
2024-07-10T14:13:52.707+05:00  INFO 6036 --- [project02] [           main] c.p.project02.Project03ApplicationTests  : No active profile set, falling back to 1 default profile: "default"
2024-07-10T14:13:52.707+05:00  INFO 6036 --- [project02] [           main] c.p.project02.Project03ApplicationTests  : No active profile set, falling back to 1 default profile: "default"
2024-07-10T14:13:54.761+05:00  INFO 6036 --- [project02] [           main] .s.d.r.c.RepositoryConfigurationDelegate : Bootstrapping Spring Data JPA repositories in DEFAULT mode.
2024-07-10T14:13:54.761+05:00  INFO 6036 --- [project02] [           main] .s.d.r.c.RepositoryConfigurationDelegate : Bootstrapping Spring Data JPA repositories in DEFAULT mode.
2024-07-10T14:13:54.845+05:00  INFO 6036 --- [project02] [           main] .s.d.r.c.RepositoryConfigurationDelegate : Finished Spring Data repository scanning in 70 ms. Found 2 JPA repository interfaces.
2024-07-10T14:13:54.845+05:00  INFO 6036 --- [project02] [           main] .s.d.r.c.RepositoryConfigurationDelegate : Finished Spring Data repository scanning in 70 ms. Found 2 JPA repository interfaces.
2024-07-10T14:13:56.080+05:00  INFO 6036 --- [project02] [           main] com.zaxxer.hikari.HikariDataSource       : HikariPool-1 - Starting...
2024-07-10T14:13:56.080+05:00  INFO 6036 --- [project02] [           main] com.zaxxer.hikari.HikariDataSource       : HikariPool-1 - Starting...
2024-07-10T14:13:56.564+05:00  INFO 6036 --- [project02] [           main] com.zaxxer.hikari.pool.HikariPool        : HikariPool-1 - Added connection conn0: url=jdbc:h2:mem:news user=TEST
2024-07-10T14:13:56.564+05:00  INFO 6036 --- [project02] [           main] com.zaxxer.hikari.pool.HikariPool        : HikariPool-1 - Added connection conn0: url=jdbc:h2:mem:news user=TEST
2024-07-10T14:13:56.567+05:00  INFO 6036 --- [project02] [           main] com.zaxxer.hikari.HikariDataSource       : HikariPool-1 - Start completed.
2024-07-10T14:13:56.567+05:00  INFO 6036 --- [project02] [           main] com.zaxxer.hikari.HikariDataSource       : HikariPool-1 - Start completed.
2024-07-10T14:13:56.706+05:00  INFO 6036 --- [project02] [           main] liquibase.database                       : Set default schema name to PUBLIC
2024-07-10T14:13:56.706+05:00  INFO 6036 --- [project02] [           main] liquibase.database                       : Set default schema name to PUBLIC
2024-07-10T14:13:57.228+05:00  INFO 6036 --- [project02] [           main] liquibase.changelog                      : Creating database history table with name: PUBLIC.DATABASECHANGELOG
2024-07-10T14:13:57.228+05:00  INFO 6036 --- [project02] [           main] liquibase.changelog                      : Creating database history table with name: PUBLIC.DATABASECHANGELOG
2024-07-10T14:13:57.394+05:00  INFO 6036 --- [project02] [           main] liquibase.changelog                      : Reading from PUBLIC.DATABASECHANGELOG
2024-07-10T14:13:57.394+05:00  INFO 6036 --- [project02] [           main] liquibase.changelog                      : Reading from PUBLIC.DATABASECHANGELOG
2024-07-10T14:13:57.509+05:00  INFO 6036 --- [project02] [           main] liquibase.lockservice                    : Successfully acquired change log lock
2024-07-10T14:13:57.509+05:00  INFO 6036 --- [project02] [           main] liquibase.lockservice                    : Successfully acquired change log lock
2024-07-10T14:13:57.511+05:00  INFO 6036 --- [project02] [           main] liquibase.command                        : Using deploymentId: 0602837511
2024-07-10T14:13:57.511+05:00  INFO 6036 --- [project02] [           main] liquibase.command                        : Using deploymentId: 0602837511
2024-07-10T14:13:57.514+05:00  INFO 6036 --- [project02] [           main] liquibase.changelog                      : Reading from PUBLIC.DATABASECHANGELOG
2024-07-10T14:13:57.514+05:00  INFO 6036 --- [project02] [           main] liquibase.changelog                      : Reading from PUBLIC.DATABASECHANGELOG
2024-07-10T14:13:57.569+05:00  INFO 6036 --- [project02] [           main] liquibase.ui                             : Running Changeset: db/changelog/db.changelog-01.yaml::schema-0.0.4::Ahmad
2024-07-10T14:13:57.569+05:00  INFO 6036 --- [project02] [           main] liquibase.ui                             : Running Changeset: db/changelog/db.changelog-01.yaml::schema-0.0.4::Ahmad
2024-07-10T14:13:57.583+05:00  INFO 6036 --- [project02] [           main] liquibase.changelog                      : Table Student created
2024-07-10T14:13:57.583+05:00  INFO 6036 --- [project02] [           main] liquibase.changelog                      : Table Student created
2024-07-10T14:13:57.586+05:00  INFO 6036 --- [project02] [           main] liquibase.changelog                      : Primary key added to Student (id)
2024-07-10T14:13:57.586+05:00  INFO 6036 --- [project02] [           main] liquibase.changelog                      : Primary key added to Student (id)
2024-07-10T14:13:57.587+05:00  INFO 6036 --- [project02] [           main] liquibase.changelog                      : ChangeSet db/changelog/db.changelog-01.yaml::schema-0.0.4::Ahmad ran successfully in 16ms
2024-07-10T14:13:57.587+05:00  INFO 6036 --- [project02] [           main] liquibase.changelog                      : ChangeSet db/changelog/db.changelog-01.yaml::schema-0.0.4::Ahmad ran successfully in 16ms
2024-07-10T14:13:57.595+05:00  INFO 6036 --- [project02] [           main] liquibase.ui                             : Running Changeset: db/changelog/db.changelog-01.yaml::data-0.0.1::Ali
2024-07-10T14:13:57.595+05:00  INFO 6036 --- [project02] [           main] liquibase.ui                             : Running Changeset: db/changelog/db.changelog-01.yaml::data-0.0.1::Ali
2024-07-10T14:13:57.598+05:00  INFO 6036 --- [project02] [           main] liquibase.changelog                      : New row inserted into Student
2024-07-10T14:13:57.598+05:00  INFO 6036 --- [project02] [           main] liquibase.changelog                      : New row inserted into Student
2024-07-10T14:13:57.598+05:00  INFO 6036 --- [project02] [           main] liquibase.changelog                      : ChangeSet db/changelog/db.changelog-01.yaml::data-0.0.1::Ali ran successfully in 2ms
2024-07-10T14:13:57.598+05:00  INFO 6036 --- [project02] [           main] liquibase.changelog                      : ChangeSet db/changelog/db.changelog-01.yaml::data-0.0.1::Ali ran successfully in 2ms
2024-07-10T14:13:57.602+05:00  INFO 6036 --- [project02] [           main] liquibase.ui                             : Running Changeset: db/changelog/db.changelog-01.yaml::data-0.0.3::Arham
2024-07-10T14:13:57.602+05:00  INFO 6036 --- [project02] [           main] liquibase.ui                             : Running Changeset: db/changelog/db.changelog-01.yaml::data-0.0.3::Arham
2024-07-10T14:13:57.605+05:00  INFO 6036 --- [project02] [           main] liquibase.changelog                      : New row inserted into Student
2024-07-10T14:13:57.605+05:00  INFO 6036 --- [project02] [           main] liquibase.changelog                      : New row inserted into Student
2024-07-10T14:13:57.606+05:00  INFO 6036 --- [project02] [           main] liquibase.changelog                      : ChangeSet db/changelog/db.changelog-01.yaml::data-0.0.3::Arham ran successfully in 2ms
2024-07-10T14:13:57.606+05:00  INFO 6036 --- [project02] [           main] liquibase.changelog                      : ChangeSet db/changelog/db.changelog-01.yaml::data-0.0.3::Arham ran successfully in 2ms
2024-07-10T14:13:57.610+05:00  INFO 6036 --- [project02] [           main] liquibase.ui                             : Running Changeset: db/changelog/db.changelog-02.yaml::schema-0.0.4::Ahmad
2024-07-10T14:13:57.610+05:00  INFO 6036 --- [project02] [           main] liquibase.ui                             : Running Changeset: db/changelog/db.changelog-02.yaml::schema-0.0.4::Ahmad
2024-07-10T14:13:57.613+05:00  INFO 6036 --- [project02] [           main] liquibase.changelog                      : Table users created
2024-07-10T14:13:57.613+05:00  INFO 6036 --- [project02] [           main] liquibase.changelog                      : Table users created
2024-07-10T14:13:57.615+05:00  INFO 6036 --- [project02] [           main] liquibase.changelog                      : Primary key added to users (user_id)
2024-07-10T14:13:57.615+05:00  INFO 6036 --- [project02] [           main] liquibase.changelog                      : Primary key added to users (user_id)
2024-07-10T14:13:57.616+05:00  INFO 6036 --- [project02] [           main] liquibase.changelog                      : ChangeSet db/changelog/db.changelog-02.yaml::schema-0.0.4::Ahmad ran successfully in 6ms
2024-07-10T14:13:57.616+05:00  INFO 6036 --- [project02] [           main] liquibase.changelog                      : ChangeSet db/changelog/db.changelog-02.yaml::schema-0.0.4::Ahmad ran successfully in 6ms
2024-07-10T14:13:57.620+05:00  INFO 6036 --- [project02] [           main] liquibase.ui                             : Running Changeset: db/changelog/db.changelog-02.yaml::data-0.0.1::Ahmad
2024-07-10T14:13:57.620+05:00  INFO 6036 --- [project02] [           main] liquibase.ui                             : Running Changeset: db/changelog/db.changelog-02.yaml::data-0.0.1::Ahmad
2024-07-10T14:13:57.622+05:00  INFO 6036 --- [project02] [           main] liquibase.changelog                      : New row inserted into users
2024-07-10T14:13:57.622+05:00  INFO 6036 --- [project02] [           main] liquibase.changelog                      : New row inserted into users
2024-07-10T14:13:57.623+05:00  INFO 6036 --- [project02] [           main] liquibase.changelog                      : ChangeSet db/changelog/db.changelog-02.yaml::data-0.0.1::Ahmad ran successfully in 3ms
2024-07-10T14:13:57.623+05:00  INFO 6036 --- [project02] [           main] liquibase.changelog                      : ChangeSet db/changelog/db.changelog-02.yaml::data-0.0.1::Ahmad ran successfully in 3ms
2024-07-10T14:13:57.627+05:00  INFO 6036 --- [project02] [           main] liquibase.ui                             : Running Changeset: db/changelog/db.changelog-02.yaml::data-0.0.2::Ahmad
2024-07-10T14:13:57.627+05:00  INFO 6036 --- [project02] [           main] liquibase.ui                             : Running Changeset: db/changelog/db.changelog-02.yaml::data-0.0.2::Ahmad
2024-07-10T14:13:57.630+05:00  INFO 6036 --- [project02] [           main] liquibase.changelog                      : New row inserted into users
2024-07-10T14:13:57.630+05:00  INFO 6036 --- [project02] [           main] liquibase.changelog                      : New row inserted into users
2024-07-10T14:13:57.630+05:00  INFO 6036 --- [project02] [           main] liquibase.changelog                      : ChangeSet db/changelog/db.changelog-02.yaml::data-0.0.2::Ahmad ran successfully in 2ms
2024-07-10T14:13:57.630+05:00  INFO 6036 --- [project02] [           main] liquibase.changelog                      : ChangeSet db/changelog/db.changelog-02.yaml::data-0.0.2::Ahmad ran successfully in 2ms
2024-07-10T14:13:57.634+05:00  INFO 6036 --- [project02] [           main] liquibase.ui                             : Running Changeset: db/changelog/db.changelog-02.yaml::data-0.04::Ahmad
2024-07-10T14:13:57.634+05:00  INFO 6036 --- [project02] [           main] liquibase.ui                             : Running Changeset: db/changelog/db.changelog-02.yaml::data-0.04::Ahmad
2024-07-10T14:13:57.637+05:00  INFO 6036 --- [project02] [           main] liquibase.changelog                      : New row inserted into users
2024-07-10T14:13:57.637+05:00  INFO 6036 --- [project02] [           main] liquibase.changelog                      : New row inserted into users
2024-07-10T14:13:57.638+05:00  INFO 6036 --- [project02] [           main] liquibase.changelog                      : ChangeSet db/changelog/db.changelog-02.yaml::data-0.04::Ahmad ran successfully in 2ms
2024-07-10T14:13:57.638+05:00  INFO 6036 --- [project02] [           main] liquibase.changelog                      : ChangeSet db/changelog/db.changelog-02.yaml::data-0.04::Ahmad ran successfully in 2ms
2024-07-10T14:13:57.647+05:00  INFO 6036 --- [project02] [           main] liquibase.util                           : UPDATE SUMMARY
2024-07-10T14:13:57.647+05:00  INFO 6036 --- [project02] [           main] liquibase.util                           : UPDATE SUMMARY
2024-07-10T14:13:57.647+05:00  INFO 6036 --- [project02] [           main] liquibase.util                           : Run:                          7
2024-07-10T14:13:57.647+05:00  INFO 6036 --- [project02] [           main] liquibase.util                           : Run:                          7
2024-07-10T14:13:57.647+05:00  INFO 6036 --- [project02] [           main] liquibase.util                           : Previously run:               0
2024-07-10T14:13:57.647+05:00  INFO 6036 --- [project02] [           main] liquibase.util                           : Previously run:               0
2024-07-10T14:13:57.647+05:00  INFO 6036 --- [project02] [           main] liquibase.util                           : Filtered out:                 0
2024-07-10T14:13:57.647+05:00  INFO 6036 --- [project02] [           main] liquibase.util                           : Filtered out:                 0
2024-07-10T14:13:57.648+05:00  INFO 6036 --- [project02] [           main] liquibase.util                           : -------------------------------
2024-07-10T14:13:57.648+05:00  INFO 6036 --- [project02] [           main] liquibase.util                           : -------------------------------
2024-07-10T14:13:57.648+05:00  INFO 6036 --- [project02] [           main] liquibase.util                           : Total change sets:            7
2024-07-10T14:13:57.648+05:00  INFO 6036 --- [project02] [           main] liquibase.util                           : Total change sets:            7
2024-07-10T14:13:57.650+05:00  INFO 6036 --- [project02] [           main] liquibase.util                           : Update summary generated
2024-07-10T14:13:57.650+05:00  INFO 6036 --- [project02] [           main] liquibase.util                           : Update summary generated
2024-07-10T14:13:57.661+05:00  INFO 6036 --- [project02] [           main] liquibase.command                        : Update command completed successfully.
2024-07-10T14:13:57.661+05:00  INFO 6036 --- [project02] [           main] liquibase.command                        : Update command completed successfully.
2024-07-10T14:13:57.661+05:00  INFO 6036 --- [project02] [           main] liquibase.ui                             : Liquibase: Update has been successful. Rows affected: 12
2024-07-10T14:13:57.661+05:00  INFO 6036 --- [project02] [           main] liquibase.ui                             : Liquibase: Update has been successful. Rows affected: 12
2024-07-10T14:13:57.664+05:00  INFO 6036 --- [project02] [           main] liquibase.lockservice                    : Successfully released change log lock
2024-07-10T14:13:57.664+05:00  INFO 6036 --- [project02] [           main] liquibase.lockservice                    : Successfully released change log lock
2024-07-10T14:13:57.665+05:00  INFO 6036 --- [project02] [           main] liquibase.command                        : Command execution complete
2024-07-10T14:13:57.665+05:00  INFO 6036 --- [project02] [           main] liquibase.command                        : Command execution complete
2024-07-10T14:13:57.903+05:00  INFO 6036 --- [project02] [           main] o.hibernate.jpa.internal.util.LogHelper  : HHH000204: Processing PersistenceUnitInfo [name: default]
2024-07-10T14:13:57.903+05:00  INFO 6036 --- [project02] [           main] o.hibernate.jpa.internal.util.LogHelper  : HHH000204: Processing PersistenceUnitInfo [name: default]
2024-07-10T14:13:58.004+05:00  INFO 6036 --- [project02] [           main] org.hibernate.Version                    : HHH000412: Hibernate ORM core version 6.5.2.Final
2024-07-10T14:13:58.004+05:00  INFO 6036 --- [project02] [           main] org.hibernate.Version                    : HHH000412: Hibernate ORM core version 6.5.2.Final
2024-07-10T14:13:58.105+05:00  INFO 6036 --- [project02] [           main] o.h.c.internal.RegionFactoryInitiator    : HHH000026: Second-level cache disabled
2024-07-10T14:13:58.105+05:00  INFO 6036 --- [project02] [           main] o.h.c.internal.RegionFactoryInitiator    : HHH000026: Second-level cache disabled
2024-07-10T14:13:58.675+05:00  INFO 6036 --- [project02] [           main] o.s.o.j.p.SpringPersistenceUnitInfo      : No LoadTimeWeaver setup: ignoring JPA class transformer
2024-07-10T14:13:58.675+05:00  INFO 6036 --- [project02] [           main] o.s.o.j.p.SpringPersistenceUnitInfo      : No LoadTimeWeaver setup: ignoring JPA class transformer
2024-07-10T14:14:00.142+05:00  INFO 6036 --- [project02] [           main] o.h.e.t.j.p.i.JtaPlatformInitiator       : HHH000489: No JTA platform available (set 'hibernate.transaction.jta.platform' to enable JTA platform integration)
2024-07-10T14:14:00.142+05:00  INFO 6036 --- [project02] [           main] o.h.e.t.j.p.i.JtaPlatformInitiator       : HHH000489: No JTA platform available (set 'hibernate.transaction.jta.platform' to enable JTA platform integration)
2024-07-10T14:14:00.147+05:00  INFO 6036 --- [project02] [           main] j.LocalContainerEntityManagerFactoryBean : Initialized JPA EntityManagerFactory for persistence unit 'default'
2024-07-10T14:14:00.147+05:00  INFO 6036 --- [project02] [           main] j.LocalContainerEntityManagerFactoryBean : Initialized JPA EntityManagerFactory for persistence unit 'default'
2024-07-10T14:14:01.477+05:00 TRACE 6036 --- [project02] [           main] eGlobalAuthenticationAutowiredConfigurer : Eagerly initializing {org.springframework.boot.autoconfigure.security.servlet.SpringBootWebSecurityConfiguration$WebSecurityEnablerConfiguration=org.springframework.boot.autoconfigure.security.servlet.SpringBootWebSecurityConfiguration$WebSecurityEnablerConfiguration@b757fc6}
2024-07-10T14:14:01.510+05:00  INFO 6036 --- [project02] [           main] r$InitializeUserDetailsManagerConfigurer : Global AuthenticationManager configured with UserDetailsService bean with name userService
2024-07-10T14:14:01.649+05:00  INFO 6036 --- [project02] [           main] o.s.b.a.w.s.WelcomePageHandlerMapping    : Adding welcome page: class path resource [static/index.html]
2024-07-10T14:14:01.649+05:00  INFO 6036 --- [project02] [           main] o.s.b.a.w.s.WelcomePageHandlerMapping    : Adding welcome page: class path resource [static/index.html]
2024-07-10T14:14:02.267+05:00  INFO 6036 --- [project02] [           main] o.s.b.a.e.web.EndpointLinksResolver      : Exposing 16 endpoints beneath base path '/actuator'
2024-07-10T14:14:02.267+05:00  INFO 6036 --- [project02] [           main] o.s.b.a.e.web.EndpointLinksResolver      : Exposing 16 endpoints beneath base path '/actuator'
2024-07-10T14:14:02.390+05:00 DEBUG 6036 --- [project02] [           main] o.s.s.web.DefaultSecurityFilterChain     : Will secure any request with filters: DisableEncodeUrlFilter, WebAsyncManagerIntegrationFilter, SecurityContextHolderFilter, HeaderWriterFilter, CorsFilter, CsrfFilter, LogoutFilter, UsernamePasswordAuthenticationFilter, DefaultLoginPageGeneratingFilter, DefaultLogoutPageGeneratingFilter, RequestCacheAwareFilter, SecurityContextHolderAwareRequestFilter, AnonymousAuthenticationFilter, ExceptionTranslationFilter, AuthorizationFilter
2024-07-10T14:14:03.270+05:00  INFO 6036 --- [project02] [           main] o.s.b.a.h2.H2ConsoleAutoConfiguration    : H2 console available at '/h2-console'. Database available at 'jdbc:h2:mem:news'
2024-07-10T14:14:03.270+05:00  INFO 6036 --- [project02] [           main] o.s.b.a.h2.H2ConsoleAutoConfiguration    : H2 console available at '/h2-console'. Database available at 'jdbc:h2:mem:news'
2024-07-10T14:14:03.330+05:00  WARN 6036 --- [project02] [           main] o.s.s.c.a.web.builders.WebSecurity       : You are asking Spring Security to ignore Ant [pattern='/api/v1/student/create', GET]. This is not recommended -- please use permitAll via HttpSecurity#authorizeHttpRequests instead.
2024-07-10T14:14:03.330+05:00 DEBUG 6036 --- [project02] [           main] o.s.s.web.DefaultSecurityFilterChain     : Will not secure Ant [pattern='/api/v1/student/create', GET]
2024-07-10T14:14:03.331+05:00  WARN 6036 --- [project02] [           main] o.s.s.c.a.web.builders.WebSecurity       : You are asking Spring Security to ignore Ant [pattern='/api/v1/student', GET]. This is not recommended -- please use permitAll via HttpSecurity#authorizeHttpRequests instead.
2024-07-10T14:14:03.331+05:00 DEBUG 6036 --- [project02] [           main] o.s.s.web.DefaultSecurityFilterChain     : Will not secure Ant [pattern='/api/v1/student', GET]
2024-07-10T14:14:03.471+05:00  INFO 6036 --- [project02] [           main] c.p.project02.Project03ApplicationTests  : Started Project03ApplicationTests in 11.838 seconds (process running for 13.829)
2024-07-10T14:14:03.471+05:00  INFO 6036 --- [project02] [           main] c.p.project02.Project03ApplicationTests  : Started Project03ApplicationTests in 11.838 seconds (process running for 13.829)
]]></system-out>
    <system-err><![CDATA[WARNING: A Java agent has been loaded dynamically (C:\Users\ahmad.irtza\.m2\repository\net\bytebuddy\byte-buddy-agent\1.14.17\byte-buddy-agent-1.14.17.jar)
WARNING: If a serviceability tool is in use, please run with -XX:+EnableDynamicAgentLoading to hide this warning
WARNING: If a serviceability tool is not in use, please run with -Djdk.instrument.traceUsage for more information
WARNING: Dynamic loading of agents will be disallowed by default in a future release
]]></system-err>
  </testcase>
</testsuite>